#
# There is insufficient memory for the Java Runtime Environment to continue.
# Native memory allocation (malloc) failed to allocate 602576 bytes. Error detail: Chunk::new
# Possible reasons:
#   The system is out of physical RAM or swap space
#   This process is running with CompressedOops enabled, and the Java Heap may be blocking the growth of the native heap
# Possible solutions:
#   Reduce memory load on the system
#   Increase physical memory or swap space
#   Check if swap backing store is full
#   Decrease Java heap size (-Xmx/-Xms)
#   Decrease number of Java threads
#   Decrease Java thread stack sizes (-Xss)
#   Set larger code cache with -XX:ReservedCodeCacheSize=
#   JVM is running with Unscaled Compressed Oops mode in which the Java heap is
#     placed in the first 4GB address space. The Java Heap base address is the
#     maximum limit for the native heap growth. Please use -XX:HeapBaseMinAddress
#     to set the Java Heap base and to place the Java Heap above 4GB virtual address.
# This output file may be truncated or incomplete.
#
#  Out of Memory Error (arena.cpp:168), pid=12948, tid=8188
#
# JRE version: OpenJDK Runtime Environment Temurin-21.0.10+7 (21.0.10+7) (build 21.0.10+7-LTS)
# Java VM: OpenJDK 64-Bit Server VM Temurin-21.0.10+7 (21.0.10+7-LTS, mixed mode, sharing, tiered, compressed oops, compressed class ptrs, parallel gc, windows-amd64)
# No core dump will be written. Minidumps are not enabled by default on client versions of Windows
#

---------------  S U M M A R Y ------------

Command Line: --add-modules=ALL-SYSTEM --add-opens=java.base/java.util=ALL-UNNAMED --add-opens=java.base/java.lang=ALL-UNNAMED --add-opens=java.base/sun.nio.fs=ALL-UNNAMED -Declipse.application=org.eclipse.jdt.ls.core.id1 -Dosgi.bundles.defaultStartLevel=4 -Declipse.product=org.eclipse.jdt.ls.core.product -Djava.import.generatesMetadataFilesAtProjectRoot=false -DDetectVMInstallationsJob.disabled=true -Dfile.encoding=utf8 -XX:+UseParallelGC -XX:GCTimeRatio=4 -XX:AdaptiveSizePolicyWeight=90 -Dsun.zip.disableMemoryMapping=true -Xmx2G -Xms100m -Xlog:disable -javaagent:c:\Users\AIoT Project 1\.vscode\extensions\redhat.java-1.53.0-win32-x64\lombok\lombok-1.18.39-4050.jar c:\Users\AIoT Project 1\.vscode\extensions\redhat.java-1.53.0-win32-x64\server\plugins\org.eclipse.equinox.launcher_1.7.100.v20251111-0406.jar -configuration c:\Users\AIoT Project 1\AppData\Roaming\Code\User\globalStorage\redhat.java\1.53.0\config_ss_win -data c:\Users\AIoT Project 1\AppData\Roaming\Code\User\workspaceStorage\d278812864858fe75348f30ddb676b0c\redhat.java\ss_ws --pipe=\\.\pipe\lsp-834f38c4838a005cbd381c078de3b239-sock

Host: Intel(R) Core(TM) i5-1035G1 CPU @ 1.00GHz, 8 cores, 7G,  Windows 11 , 64 bit Build 26100 (10.0.26100.8115)
Time: Fri Mar 27 09:35:16 2026 Namibia Standard Time elapsed time: 22.057349 seconds (0d 0h 0m 22s)

---------------  T H R E A D  ---------------

Current thread (0x00000265efbb2460):  JavaThread "C2 CompilerThread0" daemon [_thread_in_native, id=8188, stack(0x000000ddf1a00000,0x000000ddf1b00000) (1024K)]


Current CompileTask:
C2:22057 2452       4       org.eclipse.core.internal.dtree.DataTreeReader::readNode (248 bytes)

Stack: [0x000000ddf1a00000,0x000000ddf1b00000]
Native frames: (J=compiled Java code, j=interpreted, Vv=VM code, C=native code)
V  [jvm.dll+0x6d7a39]
V  [jvm.dll+0x8b4b26]
V  [jvm.dll+0x8b70de]
V  [jvm.dll+0x8b77c3]
V  [jvm.dll+0x284346]
V  [jvm.dll+0xc66ed]
V  [jvm.dll+0xc6c31]
V  [jvm.dll+0x2fb29e]
V  [jvm.dll+0x5fe884]
V  [jvm.dll+0x255b17]
V  [jvm.dll+0x24e21f]
V  [jvm.dll+0x24ba42]
V  [jvm.dll+0x1cb34e]
V  [jvm.dll+0x25b85d]
V  [jvm.dll+0x259dea]
V  [jvm.dll+0x3f857e]
V  [jvm.dll+0x85f59d]
V  [jvm.dll+0x6d626d]
C  [ucrtbase.dll+0x37b0]
C  [KERNEL32.DLL+0x2e8d7]
C  [ntdll.dll+0x8c3fc]


---------------  P R O C E S S  ---------------

Threads class SMR info:
_java_thread_list=0x00000265fd4cedf0, length=17, elements={
0x00000265efc3f850, 0x00000265efba8660, 0x00000265efbab8f0, 0x00000265efbac6e0,
0x00000265efbaf150, 0x00000265efbafbb0, 0x00000265efbb0610, 0x00000265efbb2460,
0x00000265fd04b710, 0x00000265fd20f510, 0x00000265fd37d510, 0x00000265fdaa2cb0,
0x00000265fd9788b0, 0x00000265fd978f20, 0x00000265fd687480, 0x00000265fd668f90,
0x00000265fd4cf9c0
}

Java Threads: ( => current thread )
  0x00000265efc3f850 JavaThread "main"                              [_thread_blocked, id=18824, stack(0x000000ddf1000000,0x000000ddf1100000) (1024K)]
  0x00000265efba8660 JavaThread "Reference Handler"          daemon [_thread_blocked, id=4516, stack(0x000000ddf1400000,0x000000ddf1500000) (1024K)]
  0x00000265efbab8f0 JavaThread "Finalizer"                  daemon [_thread_blocked, id=15932, stack(0x000000ddf1500000,0x000000ddf1600000) (1024K)]
  0x00000265efbac6e0 JavaThread "Signal Dispatcher"          daemon [_thread_blocked, id=5032, stack(0x000000ddf1600000,0x000000ddf1700000) (1024K)]
  0x00000265efbaf150 JavaThread "Attach Listener"            daemon [_thread_blocked, id=11500, stack(0x000000ddf1700000,0x000000ddf1800000) (1024K)]
  0x00000265efbafbb0 JavaThread "Service Thread"             daemon [_thread_blocked, id=4588, stack(0x000000ddf1800000,0x000000ddf1900000) (1024K)]
  0x00000265efbb0610 JavaThread "Monitor Deflation Thread"   daemon [_thread_blocked, id=14256, stack(0x000000ddf1900000,0x000000ddf1a00000) (1024K)]
=>0x00000265efbb2460 JavaThread "C2 CompilerThread0"         daemon [_thread_in_native, id=8188, stack(0x000000ddf1a00000,0x000000ddf1b00000) (1024K)]
  0x00000265fd04b710 JavaThread "C1 CompilerThread0"         daemon [_thread_blocked, id=17984, stack(0x000000ddf1b00000,0x000000ddf1c00000) (1024K)]
  0x00000265fd20f510 JavaThread "Common-Cleaner"             daemon [_thread_blocked, id=11988, stack(0x000000ddf1d00000,0x000000ddf1e00000) (1024K)]
  0x00000265fd37d510 JavaThread "Notification Thread"        daemon [_thread_blocked, id=3680, stack(0x000000ddf1c00000,0x000000ddf1d00000) (1024K)]
  0x00000265fdaa2cb0 JavaThread "Active Thread: Equinox Container: deefab58-573a-4715-9b03-5b7108c3708d"        [_thread_blocked, id=17880, stack(0x000000ddf2400000,0x000000ddf2500000) (1024K)]
  0x00000265fd9788b0 JavaThread "Framework Event Dispatcher: Equinox Container: deefab58-573a-4715-9b03-5b7108c3708d" daemon [_thread_blocked, id=8924, stack(0x000000ddf2500000,0x000000ddf2600000) (1024K)]
  0x00000265fd978f20 JavaThread "Start Level: Equinox Container: deefab58-573a-4715-9b03-5b7108c3708d" daemon [_thread_in_Java, id=15284, stack(0x000000ddf2600000,0x000000ddf2700000) (1024K)]
  0x00000265fd687480 JavaThread "SCR Component Actor"        daemon [_thread_blocked, id=11352, stack(0x000000ddf2800000,0x000000ddf2900000) (1024K)]
  0x00000265fd668f90 JavaThread "C2 CompilerThread1"         daemon [_thread_blocked, id=8108, stack(0x000000ddf2900000,0x000000ddf2a00000) (1024K)]
  0x00000265fd4cf9c0 JavaThread "Worker-JM"                         [_thread_blocked, id=8164, stack(0x000000ddf2a00000,0x000000ddf2b00000) (1024K)]
Total: 17

Other Threads:
  0x00000265efcd6f20 VMThread "VM Thread"                           [id=1920, stack(0x000000ddf1300000,0x000000ddf1400000) (1024K)]
  0x00000265efca5e80 WatcherThread "VM Periodic Task Thread"        [id=15084, stack(0x000000ddf1200000,0x000000ddf1300000) (1024K)]
  0x00000265efc568c0 WorkerThread "GC Thread#0"                     [id=3412, stack(0x000000ddf1100000,0x000000ddf1200000) (1024K)]
  0x00000265fd6c6d60 WorkerThread "GC Thread#1"                     [id=8112, stack(0x000000ddf1e00000,0x000000ddf1f00000) (1024K)]
  0x00000265fd6c7320 WorkerThread "GC Thread#2"                     [id=8964, stack(0x000000ddf1f00000,0x000000ddf2000000) (1024K)]
  0x00000265fd474070 WorkerThread "GC Thread#3"                     [id=14164, stack(0x000000ddf2000000,0x000000ddf2100000) (1024K)]
  0x00000265fd474420 WorkerThread "GC Thread#4"                     [id=3416, stack(0x000000ddf2100000,0x000000ddf2200000) (1024K)]
  0x00000265fd4747d0 WorkerThread "GC Thread#5"                     [id=14604, stack(0x000000ddf2200000,0x000000ddf2300000) (1024K)]
  0x00000265fd474f90 WorkerThread "GC Thread#6"                     [id=4528, stack(0x000000ddf2300000,0x000000ddf2400000) (1024K)]
  0x00000265fd97a260 WorkerThread "GC Thread#7"                     [id=6536, stack(0x000000ddf2700000,0x000000ddf2800000) (1024K)]
Total: 10

Threads with active compile tasks:
C2 CompilerThread0  22095 2452       4       org.eclipse.core.internal.dtree.DataTreeReader::readNode (248 bytes)
Total: 1

VM state: not at safepoint (normal execution)

VM Mutex/Monitor currently owned by a thread: None

Heap address: 0x0000000080000000, size: 2048 MB, Compressed Oops mode: 32-bit

CDS archive(s) mapped at: [0x000002658f000000-0x000002658fba0000-0x000002658fba0000), size 12189696, SharedBaseAddress: 0x000002658f000000, ArchiveRelocationMode: 1.
Compressed class space mapped at: 0x0000026590000000-0x00000265d0000000, reserved size: 1073741824
Narrow klass base: 0x000002658f000000, Narrow klass shift: 0, Narrow klass range: 0x100000000

GC Precious Log:
 CardTable entry size: 512
 CPUs: 8 total, 8 available
 Memory: 7955M
 Large Page Support: Disabled
 NUMA Support: Disabled
 Compressed Oops: Enabled (32-bit)
 Alignments: Space 512K, Generation 512K, Heap 2M
 Heap Min Capacity: 100M
 Heap Initial Capacity: 100M
 Heap Max Capacity: 2G
 Pre-touch: Disabled
 Parallel Workers: 8

Heap:
 PSYoungGen      total 29696K, used 22450K [0x00000000d5580000, 0x00000000d7680000, 0x0000000100000000)
  eden space 25600K, 71% used [0x00000000d5580000,0x00000000d67709b0,0x00000000d6e80000)
  from space 4096K, 99% used [0x00000000d6e80000,0x00000000d727c1c0,0x00000000d7280000)
  to   space 4096K, 0% used [0x00000000d7280000,0x00000000d7280000,0x00000000d7680000)
 ParOldGen       total 68608K, used 2839K [0x0000000080000000, 0x0000000084300000, 0x00000000d5580000)
  object space 68608K, 4% used [0x0000000080000000,0x00000000802c5fc0,0x0000000084300000)
 Metaspace       used 14130K, committed 14656K, reserved 1114112K
  class space    used 1488K, committed 1728K, reserved 1048576K

Card table byte_map: [0x00000265ef5d0000,0x00000265ef9e0000] _byte_map_base: 0x00000265ef1d0000

Marking Bits: (ParMarkBitMap*) 0x00007ffdc0a33450
 Begin Bits: [0x00000265f30e0000, 0x00000265f50e0000)
 End Bits:   [0x00000265f50e0000, 0x00000265f70e0000)

Polling page: 0x00000265eda60000

Metaspace:

Usage:
  Non-class:     12.35 MB used.
      Class:      1.45 MB used.
       Both:     13.80 MB used.

Virtual space:
  Non-class space:       64.00 MB reserved,      12.62 MB ( 20%) committed,  1 nodes.
      Class space:        1.00 GB reserved,       1.69 MB ( <1%) committed,  1 nodes.
             Both:        1.06 GB reserved,      14.31 MB (  1%) committed. 

Chunk freelists:
   Non-Class:  2.47 MB
       Class:  14.33 MB
        Both:  16.80 MB

MaxMetaspaceSize: unlimited
CompressedClassSpaceSize: 1.00 GB
Initial GC threshold: 21.00 MB
Current GC threshold: 21.00 MB
CDS: on
 - commit_granule_bytes: 65536.
 - commit_granule_words: 8192.
 - virtual_space_node_default_size: 8388608.
 - enlarge_chunks_in_place: 1.
 - use_allocation_guard: 0.


Internal statistics:

num_allocs_failed_limit: 0.
num_arena_births: 410.
num_arena_deaths: 0.
num_vsnodes_births: 2.
num_vsnodes_deaths: 0.
num_space_committed: 229.
num_space_uncommitted: 0.
num_chunks_returned_to_freelist: 0.
num_chunks_taken_from_freelist: 904.
num_chunk_merges: 0.
num_chunk_splits: 573.
num_chunks_enlarged: 356.
num_inconsistent_stats: 0.

CodeHeap 'non-profiled nmethods': size=120000Kb used=1038Kb max_used=1038Kb free=118961Kb
 bounds [0x0000026587ad0000, 0x0000026587d40000, 0x000002658f000000]
CodeHeap 'profiled nmethods': size=120000Kb used=4759Kb max_used=4759Kb free=115240Kb
 bounds [0x0000026580000000, 0x00000265804b0000, 0x0000026587530000]
CodeHeap 'non-nmethods': size=5760Kb used=1270Kb max_used=1287Kb free=4489Kb
 bounds [0x0000026587530000, 0x00000265877a0000, 0x0000026587ad0000]
CodeCache: size=245760Kb, used=7067Kb, max_used=7084Kb, free=238690Kb
 total_blobs=2993, nmethods=2462, adapters=437, full_count=0
Compilation: enabled, stopped_count=0, restarted_count=0

Compilation events (20 events):
Event: 22.000 Thread 0x00000265fd668f90 nmethod 2449 0x0000026587bcce10 code [0x0000026587bccfa0, 0x0000026587bcd050]
Event: 22.000 Thread 0x00000265fd668f90 2450       4       org.eclipse.core.runtime.Path::<init> (37 bytes)
Event: 22.001 Thread 0x00000265fd668f90 nmethod 2450 0x0000026587bcd110 code [0x0000026587bcd2a0, 0x0000026587bcd390]
Event: 22.001 Thread 0x00000265fd668f90 2451       4       org.eclipse.core.runtime.Path::append (147 bytes)
Event: 22.012 Thread 0x00000265fd668f90 nmethod 2451 0x0000026587bcd490 code [0x0000026587bcd680, 0x0000026587bcdf08]
Event: 22.012 Thread 0x00000265fd668f90 2441       4       java.util.concurrent.atomic.AtomicLong::getAndIncrement (12 bytes)
Event: 22.013 Thread 0x00000265fd668f90 nmethod 2441 0x0000026587bce390 code [0x0000026587bce520, 0x0000026587bce5b0]
Event: 22.013 Thread 0x00000265fd668f90 2454       4       org.eclipse.core.internal.dtree.AbstractDataTreeNode::<init> (34 bytes)
Event: 22.015 Thread 0x00000265fd668f90 nmethod 2454 0x0000026587bce690 code [0x0000026587bce820, 0x0000026587bce908]
Event: 22.015 Thread 0x00000265fd668f90 2442       4       org.eclipse.core.internal.dtree.DataTreeReader::hasData (36 bytes)
Event: 22.015 Thread 0x00000265fd668f90 nmethod 2442 0x0000026587bcea10 code [0x0000026587bceba0, 0x0000026587bcec48]
Event: 22.015 Thread 0x00000265fd668f90 2443       4       org.eclipse.core.internal.resources.ResourceInfo::incrementModificationStamp (11 bytes)
Event: 22.016 Thread 0x00000265fd668f90 nmethod 2443 0x0000026587bced10 code [0x0000026587bceea0, 0x0000026587bcef30]
Event: 22.016 Thread 0x00000265fd668f90 2444       4       org.eclipse.core.internal.resources.ResourceInfo::setBits (41 bytes)
Event: 22.016 Thread 0x00000265fd668f90 nmethod 2444 0x0000026587bcf010 code [0x0000026587bcf1a0, 0x0000026587bcf240]
Event: 22.016 Thread 0x00000265fd668f90 2455       4       org.eclipse.core.internal.resources.Workspace::newElement (98 bytes)
Event: 22.019 Thread 0x00000265fd668f90 nmethod 2455 0x0000026587bcf310 code [0x0000026587bcf4a0, 0x0000026587bcf688]
Event: 22.019 Thread 0x00000265fd668f90 2453       4       org.eclipse.core.internal.resources.SaveManager::readElement (46 bytes)
Event: 22.049 Thread 0x00000265fd668f90 nmethod 2453 0x0000026587bcf810 code [0x0000026587bcfae0, 0x0000026587bd0730]
Event: 22.049 Thread 0x00000265fd668f90 2456       4       org.eclipse.core.internal.resources.ResourceInfo::readFrom (49 bytes)

GC Heap History (6 events):
Event: 1.880 GC heap before
{Heap before GC invocations=1 (full 0):
 PSYoungGen      total 29696K, used 25600K [0x00000000d5580000, 0x00000000d7680000, 0x0000000100000000)
  eden space 25600K, 100% used [0x00000000d5580000,0x00000000d6e80000,0x00000000d6e80000)
  from space 4096K, 0% used [0x00000000d7280000,0x00000000d7280000,0x00000000d7680000)
  to   space 4096K, 0% used [0x00000000d6e80000,0x00000000d6e80000,0x00000000d7280000)
 ParOldGen       total 68608K, used 0K [0x0000000080000000, 0x0000000084300000, 0x00000000d5580000)
  object space 68608K, 0% used [0x0000000080000000,0x0000000080000000,0x0000000084300000)
 Metaspace       used 4360K, committed 4608K, reserved 1114112K
  class space    used 473K, committed 576K, reserved 1048576K
}
Event: 1.894 GC heap after
{Heap after GC invocations=1 (full 0):
 PSYoungGen      total 29696K, used 3287K [0x00000000d5580000, 0x00000000d7680000, 0x0000000100000000)
  eden space 25600K, 0% used [0x00000000d5580000,0x00000000d5580000,0x00000000d6e80000)
  from space 4096K, 80% used [0x00000000d6e80000,0x00000000d71b5ea8,0x00000000d7280000)
  to   space 4096K, 0% used [0x00000000d7280000,0x00000000d7280000,0x00000000d7680000)
 ParOldGen       total 68608K, used 16K [0x0000000080000000, 0x0000000084300000, 0x00000000d5580000)
  object space 68608K, 0% used [0x0000000080000000,0x0000000080004000,0x0000000084300000)
 Metaspace       used 4360K, committed 4608K, reserved 1114112K
  class space    used 473K, committed 576K, reserved 1048576K
}
Event: 20.563 GC heap before
{Heap before GC invocations=2 (full 0):
 PSYoungGen      total 29696K, used 28887K [0x00000000d5580000, 0x00000000d7680000, 0x0000000100000000)
  eden space 25600K, 100% used [0x00000000d5580000,0x00000000d6e80000,0x00000000d6e80000)
  from space 4096K, 80% used [0x00000000d6e80000,0x00000000d71b5ea8,0x00000000d7280000)
  to   space 4096K, 0% used [0x00000000d7280000,0x00000000d7280000,0x00000000d7680000)
 ParOldGen       total 68608K, used 16K [0x0000000080000000, 0x0000000084300000, 0x00000000d5580000)
  object space 68608K, 0% used [0x0000000080000000,0x0000000080004000,0x0000000084300000)
 Metaspace       used 8135K, committed 8384K, reserved 1114112K
  class space    used 856K, committed 960K, reserved 1048576K
}
Event: 20.570 GC heap after
{Heap after GC invocations=2 (full 0):
 PSYoungGen      total 29696K, used 4091K [0x00000000d5580000, 0x00000000d7680000, 0x0000000100000000)
  eden space 25600K, 0% used [0x00000000d5580000,0x00000000d5580000,0x00000000d6e80000)
  from space 4096K, 99% used [0x00000000d7280000,0x00000000d767efe8,0x00000000d7680000)
  to   space 4096K, 0% used [0x00000000d6e80000,0x00000000d6e80000,0x00000000d7280000)
 ParOldGen       total 68608K, used 1123K [0x0000000080000000, 0x0000000084300000, 0x00000000d5580000)
  object space 68608K, 1% used [0x0000000080000000,0x0000000080118ec8,0x0000000084300000)
 Metaspace       used 8135K, committed 8384K, reserved 1114112K
  class space    used 856K, committed 960K, reserved 1048576K
}
Event: 21.636 GC heap before
{Heap before GC invocations=3 (full 0):
 PSYoungGen      total 29696K, used 29691K [0x00000000d5580000, 0x00000000d7680000, 0x0000000100000000)
  eden space 25600K, 100% used [0x00000000d5580000,0x00000000d6e80000,0x00000000d6e80000)
  from space 4096K, 99% used [0x00000000d7280000,0x00000000d767efe8,0x00000000d7680000)
  to   space 4096K, 0% used [0x00000000d6e80000,0x00000000d6e80000,0x00000000d7280000)
 ParOldGen       total 68608K, used 1123K [0x0000000080000000, 0x0000000084300000, 0x00000000d5580000)
  object space 68608K, 1% used [0x0000000080000000,0x0000000080118ec8,0x0000000084300000)
 Metaspace       used 12891K, committed 13376K, reserved 1114112K
  class space    used 1366K, committed 1600K, reserved 1048576K
}
Event: 21.641 GC heap after
{Heap after GC invocations=3 (full 0):
 PSYoungGen      total 29696K, used 4080K [0x00000000d5580000, 0x00000000d7680000, 0x0000000100000000)
  eden space 25600K, 0% used [0x00000000d5580000,0x00000000d5580000,0x00000000d6e80000)
  from space 4096K, 99% used [0x00000000d6e80000,0x00000000d727c1c0,0x00000000d7280000)
  to   space 4096K, 0% used [0x00000000d7280000,0x00000000d7280000,0x00000000d7680000)
 ParOldGen       total 68608K, used 2839K [0x0000000080000000, 0x0000000084300000, 0x00000000d5580000)
  object space 68608K, 4% used [0x0000000080000000,0x00000000802c5fc0,0x0000000084300000)
 Metaspace       used 12891K, committed 13376K, reserved 1114112K
  class space    used 1366K, committed 1600K, reserved 1048576K
}

Dll operation events (9 events):
Event: 0.158 Loaded shared library c:\Users\AIoT Project 1\.vscode\extensions\redhat.java-1.53.0-win32-x64\jre\21.0.10-win32-x86_64\bin\java.dll
Event: 0.358 Loaded shared library c:\Users\AIoT Project 1\.vscode\extensions\redhat.java-1.53.0-win32-x64\jre\21.0.10-win32-x86_64\bin\zip.dll
Event: 0.413 Loaded shared library C:\Users\AIoT Project 1\.vscode\extensions\redhat.java-1.53.0-win32-x64\jre\21.0.10-win32-x86_64\bin\instrument.dll
Event: 0.436 Loaded shared library C:\Users\AIoT Project 1\.vscode\extensions\redhat.java-1.53.0-win32-x64\jre\21.0.10-win32-x86_64\bin\net.dll
Event: 0.440 Loaded shared library C:\Users\AIoT Project 1\.vscode\extensions\redhat.java-1.53.0-win32-x64\jre\21.0.10-win32-x86_64\bin\nio.dll
Event: 0.447 Loaded shared library C:\Users\AIoT Project 1\.vscode\extensions\redhat.java-1.53.0-win32-x64\jre\21.0.10-win32-x86_64\bin\zip.dll
Event: 0.533 Loaded shared library C:\Users\AIoT Project 1\.vscode\extensions\redhat.java-1.53.0-win32-x64\jre\21.0.10-win32-x86_64\bin\jimage.dll
Event: 0.939 Loaded shared library c:\Users\AIoT Project 1\.vscode\extensions\redhat.java-1.53.0-win32-x64\jre\21.0.10-win32-x86_64\bin\verify.dll
Event: 20.713 Loaded shared library C:\Users\AIoT Project 1\AppData\Roaming\Code\User\globalStorage\redhat.java\1.53.0\config_ss_win\org.eclipse.equinox.launcher\org.eclipse.equinox.launcher.win32.win32.x86_64_1.3.0.v20260203-2149\eclipse_11919.dll

Deoptimization events (20 events):
Event: 21.438 Thread 0x00000265fd978f20 Uncommon trap: trap_request=0xffffffc6 fr.pc=0x0000026587ba8d34 relative=0x0000000000000474
Event: 21.438 Thread 0x00000265fd978f20 Uncommon trap: reason=bimorphic_or_optimized_type_check action=maybe_recompile pc=0x0000026587ba8d34 method=java.io.DataInputStream.readUnsignedByte()I @ 4 c2
Event: 21.438 Thread 0x00000265fd978f20 DEOPT PACKING pc=0x0000026587ba8d34 sp=0x000000ddf26f8500
Event: 21.438 Thread 0x00000265fd978f20 DEOPT UNPACKING pc=0x0000026587586da2 sp=0x000000ddf26f8448 mode 2
Event: 21.438 Thread 0x00000265fd978f20 Uncommon trap: trap_request=0xffffffc6 fr.pc=0x0000026587ba8d34 relative=0x0000000000000474
Event: 21.438 Thread 0x00000265fd978f20 Uncommon trap: reason=bimorphic_or_optimized_type_check action=maybe_recompile pc=0x0000026587ba8d34 method=java.io.DataInputStream.readUnsignedByte()I @ 4 c2
Event: 21.438 Thread 0x00000265fd978f20 DEOPT PACKING pc=0x0000026587ba8d34 sp=0x000000ddf26f8500
Event: 21.438 Thread 0x00000265fd978f20 DEOPT UNPACKING pc=0x0000026587586da2 sp=0x000000ddf26f8448 mode 2
Event: 21.438 Thread 0x00000265fd978f20 Uncommon trap: trap_request=0xffffffc6 fr.pc=0x0000026587ba8d34 relative=0x0000000000000474
Event: 21.438 Thread 0x00000265fd978f20 Uncommon trap: reason=bimorphic_or_optimized_type_check action=maybe_recompile pc=0x0000026587ba8d34 method=java.io.DataInputStream.readUnsignedByte()I @ 4 c2
Event: 21.438 Thread 0x00000265fd978f20 DEOPT PACKING pc=0x0000026587ba8d34 sp=0x000000ddf26f8500
Event: 21.438 Thread 0x00000265fd978f20 DEOPT UNPACKING pc=0x0000026587586da2 sp=0x000000ddf26f8448 mode 2
Event: 21.728 Thread 0x00000265fd978f20 Uncommon trap: trap_request=0xffffff45 fr.pc=0x0000026587bb5c94 relative=0x00000000000012f4
Event: 21.728 Thread 0x00000265fd978f20 Uncommon trap: reason=unstable_if action=reinterpret pc=0x0000026587bb5c94 method=java.util.Properties.loadConvert([CIILjava/lang/StringBuilder;)Ljava/lang/String; @ 491 c2
Event: 21.728 Thread 0x00000265fd978f20 DEOPT PACKING pc=0x0000026587bb5c94 sp=0x000000ddf26f77d0
Event: 21.728 Thread 0x00000265fd978f20 DEOPT UNPACKING pc=0x0000026587586da2 sp=0x000000ddf26f77c0 mode 2
Event: 21.787 Thread 0x00000265fd978f20 Uncommon trap: trap_request=0xffffff45 fr.pc=0x0000026587b0a3f4 relative=0x0000000000000054
Event: 21.787 Thread 0x00000265fd978f20 Uncommon trap: reason=unstable_if action=reinterpret pc=0x0000026587b0a3f4 method=java.lang.CharacterData.of(I)Ljava/lang/CharacterData; @ 4 c2
Event: 21.787 Thread 0x00000265fd978f20 DEOPT PACKING pc=0x0000026587b0a3f4 sp=0x000000ddf26f8b40
Event: 21.787 Thread 0x00000265fd978f20 DEOPT UNPACKING pc=0x0000026587586da2 sp=0x000000ddf26f8ad8 mode 2

Classes loaded (20 events):
Event: 21.794 Loading class java/text/FieldPosition$Delegate
Event: 21.794 Loading class java/text/FieldPosition$Delegate done
Event: 21.794 Loading class java/text/MessageFormat$Field
Event: 21.795 Loading class java/text/MessageFormat$Field done
Event: 21.834 Loading class java/util/stream/SortedOps
Event: 21.835 Loading class java/util/stream/SortedOps done
Event: 21.835 Loading class java/util/stream/SortedOps$OfRef
Event: 21.835 Loading class java/util/stream/ReferencePipeline$StatefulOp
Event: 21.835 Loading class java/util/stream/ReferencePipeline$StatefulOp done
Event: 21.835 Loading class java/util/stream/SortedOps$OfRef done
Event: 21.836 Loading class java/util/stream/SortedOps$RefSortingSink
Event: 21.836 Loading class java/util/stream/SortedOps$AbstractRefSortingSink
Event: 21.836 Loading class java/util/stream/SortedOps$AbstractRefSortingSink done
Event: 21.836 Loading class java/util/stream/SortedOps$RefSortingSink done
Event: 21.868 Loading class java/util/zip/ZipOutputStream
Event: 21.869 Loading class java/util/zip/DeflaterOutputStream
Event: 21.870 Loading class java/util/zip/DeflaterOutputStream done
Event: 21.870 Loading class java/util/zip/ZipOutputStream done
Event: 21.870 Loading class java/util/concurrent/ExecutionException
Event: 21.870 Loading class java/util/concurrent/ExecutionException done

Classes unloaded (0 events):
No events

Classes redefined (0 events):
No events

Internal exceptions (20 events):
Event: 2.961 Thread 0x00000265efc3f850 Exception <a 'java/lang/IncompatibleClassChangeError'{0x00000000d6496d40}: Found class java.lang.Object, but interface was expected> (0x00000000d6496d40) 
thrown [s\src\hotspot\share\interpreter\linkResolver.cpp, line 840]
Event: 2.962 Thread 0x00000265efc3f850 Exception <a 'java/lang/NoSuchMethodError'{0x00000000d649dbd0}: 'void java.lang.invoke.DirectMethodHandle$Holder.invokeStaticInit(java.lang.Object, java.lang.Object)'> (0x00000000d649dbd0) 
thrown [s\src\hotspot\share\interpreter\linkResolver.cpp, line 773]
Event: 2.963 Thread 0x00000265efc3f850 Exception <a 'java/lang/NoSuchMethodError'{0x00000000d64a76a8}: 'int java.lang.invoke.DirectMethodHandle$Holder.invokeStaticInit(java.lang.Object, java.lang.Object)'> (0x00000000d64a76a8) 
thrown [s\src\hotspot\share\interpreter\linkResolver.cpp, line 773]
Event: 3.045 Thread 0x00000265efc3f850 Exception <a 'java/lang/NoSuchMethodError'{0x00000000d671a798}: 'java.lang.Object java.lang.invoke.DirectMethodHandle$Holder.newInvokeSpecial(java.lang.Object, int, java.lang.Object)'> (0x00000000d671a798) 
thrown [s\src\hotspot\share\interpreter\linkResolver.cpp, line 773]
Event: 3.284 Thread 0x00000265efc3f850 Exception <a 'java/lang/ClassNotFoundException'{0x00000000d6935ca0}: sun/net/www/protocol/plurl/Handler> (0x00000000d6935ca0) 
thrown [s\src\hotspot\share\classfile\systemDictionary.cpp, line 312]
Event: 3.284 Thread 0x00000265efc3f850 Exception <a 'java/lang/ClassNotFoundException'{0x00000000d6936b20}: sun/net/www/protocol/plurl/Handler> (0x00000000d6936b20) 
thrown [s\src\hotspot\share\classfile\systemDictionary.cpp, line 312]
Event: 20.541 Thread 0x00000265efc3f850 Exception <a 'java/lang/UnsatisfiedLinkError'{0x00000000d6d90408}: 'void org.eclipse.equinox.launcher.JNIBridge._update_splash()'> (0x00000000d6d90408) 
thrown [s\src\hotspot\share\prims\nativeLookup.cpp, line 415]
Event: 20.667 Thread 0x00000265fd978f20 Exception <a 'java/lang/NullPointerException'{0x00000000d5812f78}> (0x00000000d5812f78) 
thrown [s\src\hotspot\share\interpreter\linkResolver.cpp, line 1372]
Event: 20.667 Thread 0x00000265fd978f20 Exception <a 'java/lang/NullPointerException'{0x00000000d5813258}> (0x00000000d5813258) 
thrown [s\src\hotspot\share\interpreter\linkResolver.cpp, line 1372]
Event: 21.191 Thread 0x00000265fd978f20 Exception <a 'java/lang/NoSuchMethodError'{0x00000000d61858f8}: 'long java.lang.invoke.DirectMethodHandle$Holder.invokeSpecial(java.lang.Object, java.lang.Object)'> (0x00000000d61858f8) 
thrown [s\src\hotspot\share\interpreter\linkResolver.cpp, line 773]
Event: 21.272 Thread 0x00000265fd978f20 Exception <a 'java/io/FileNotFoundException'{0x00000000d634a9e0}> (0x00000000d634a9e0) 
thrown [s\src\hotspot\share\prims\jni.cpp, line 520]
Event: 21.399 Thread 0x00000265fd978f20 Exception <a 'java/lang/NoSuchMethodError'{0x00000000d6664288}: 'java.lang.Object java.lang.invoke.Invokers$Holder.linkToTargetMethod(java.lang.Object, long, java.lang.Object)'> (0x00000000d6664288) 
thrown [s\src\hotspot\share\interpreter\linkResolver.cpp, line 773]
Event: 21.480 Thread 0x00000265fd978f20 Exception <a 'java/lang/NoSuchMethodError'{0x00000000d69ef6e0}: 'void java.lang.invoke.DirectMethodHandle$Holder.invokeInterface(java.lang.Object, java.lang.Object, java.lang.Object)'> (0x00000000d69ef6e0) 
thrown [s\src\hotspot\share\interpreter\linkResolver.cpp, line 773]
Event: 21.532 Thread 0x00000265fd978f20 Exception <a 'java/lang/NoSuchMethodError'{0x00000000d6c01c80}: 'void java.lang.invoke.Invokers$Holder.invokeExact_MT(java.lang.Object, java.lang.Object, java.lang.Object)'> (0x00000000d6c01c80) 
thrown [s\src\hotspot\share\interpreter\linkResolver.cpp, line 773]
Event: 21.651 Thread 0x00000265fd978f20 Exception <a 'java/lang/NoSuchMethodError'{0x00000000d55d2ee0}: 'java.lang.Object java.lang.invoke.DirectMethodHandle$Holder.invokeVirtual(java.lang.Object, java.lang.Object, java.lang.Object)'> (0x00000000d55d2ee0) 
thrown [s\src\hotspot\share\interpreter\linkResolver.cpp, line 773]
Event: 21.654 Thread 0x00000265fd978f20 Exception <a 'java/lang/NoSuchMethodError'{0x00000000d55ea978}: 'java.lang.Object java.lang.invoke.DelegatingMethodHandle$Holder.reinvoke_L(java.lang.Object, java.lang.Object, java.lang.Object, java.lang.Object, int, int)'> (0x00000000d55ea978) 
thrown [s\src\hotspot\share\interpreter\linkResolver.cpp, line 773]
Event: 21.657 Thread 0x00000265fd978f20 Exception <a 'java/lang/NoSuchMethodError'{0x00000000d5606c90}: 'java.lang.Object java.lang.invoke.DirectMethodHandle$Holder.newInvokeSpecial(java.lang.Object, java.lang.Object, java.lang.Object, java.lang.Object, java.lang.Object, java.lang.Object)'> (0x00000000d5606c90) 
thrown [s\src\hotspot\share\interpreter\linkResolver.cpp, line 773]
Event: 21.660 Thread 0x00000265fd978f20 Exception <a 'java/lang/NoSuchMethodError'{0x00000000d5633068}: 'void java.lang.invoke.Invokers$Holder.invokeExact_MT(java.lang.Object, java.lang.Object, java.lang.Object, java.lang.Object)'> (0x00000000d5633068) 
thrown [s\src\hotspot\share\interpreter\linkResolver.cpp, line 773]
Event: 21.804 Thread 0x00000265fd978f20 Exception <a 'java/io/FileNotFoundException'{0x00000000d5ab8b40}> (0x00000000d5ab8b40) 
thrown [s\src\hotspot\share\prims\jni.cpp, line 520]
Event: 21.806 Thread 0x00000265fd978f20 Exception <a 'java/io/FileNotFoundException'{0x00000000d5abf828}> (0x00000000d5abf828) 
thrown [s\src\hotspot\share\prims\jni.cpp, line 520]

ZGC Phase Switch (0 events):
No events

VM Operations (20 events):
Event: 3.249 Executing non-safepoint VM operation: HandshakeAllThreads (Deoptimize)
Event: 3.249 Executing non-safepoint VM operation: HandshakeAllThreads (Deoptimize) done
Event: 4.262 Executing safepoint VM operation: Cleanup
Event: 4.262 Executing safepoint VM operation: Cleanup done
Event: 5.276 Executing safepoint VM operation: Cleanup
Event: 5.277 Executing safepoint VM operation: Cleanup done
Event: 20.563 Executing safepoint VM operation: ParallelGCFailedAllocation (Allocation Failure)
Event: 20.570 Executing safepoint VM operation: ParallelGCFailedAllocation (Allocation Failure) done
Event: 21.046 Executing non-safepoint VM operation: HandshakeAllThreads (Deoptimize)
Event: 21.046 Executing non-safepoint VM operation: HandshakeAllThreads (Deoptimize) done
Event: 21.439 Executing non-safepoint VM operation: HandshakeAllThreads (Deoptimize)
Event: 21.439 Executing non-safepoint VM operation: HandshakeAllThreads (Deoptimize) done
Event: 21.636 Executing safepoint VM operation: ParallelGCFailedAllocation (Allocation Failure)
Event: 21.642 Executing safepoint VM operation: ParallelGCFailedAllocation (Allocation Failure) done
Event: 21.746 Executing non-safepoint VM operation: HandshakeAllThreads (Deoptimize)
Event: 21.746 Executing non-safepoint VM operation: HandshakeAllThreads (Deoptimize) done
Event: 21.756 Executing non-safepoint VM operation: HandshakeAllThreads (Deoptimize)
Event: 21.756 Executing non-safepoint VM operation: HandshakeAllThreads (Deoptimize) done
Event: 21.789 Executing non-safepoint VM operation: HandshakeAllThreads (Deoptimize)
Event: 21.789 Executing non-safepoint VM operation: HandshakeAllThreads (Deoptimize) done

Memory protections (0 events):
No events

Nmethod flushes (0 events):
No events

Events (20 events):
Event: 0.216 Thread 0x00000265efc3f850 Thread added: 0x00000265efbb2460
Event: 0.225 Thread 0x00000265efc3f850 Thread added: 0x00000265fd04b710
Event: 0.376 Thread 0x00000265fd04b710 Thread added: 0x00000265fd0e1c80
Event: 0.431 Thread 0x00000265efc3f850 Thread added: 0x00000265fd20f510
Event: 0.953 Thread 0x00000265fd0e1c80 Thread exited: 0x00000265fd0e1c80
Event: 1.127 Thread 0x00000265efc3f850 Thread added: 0x00000265fd37d510
Event: 2.337 Thread 0x00000265fd04b710 Thread added: 0x00000265fda388b0
Event: 2.762 Thread 0x00000265fd04b710 Thread added: 0x00000265fd8323d0
Event: 2.914 Thread 0x00000265fd8323d0 Thread exited: 0x00000265fd8323d0
Event: 2.914 Thread 0x00000265fda388b0 Thread exited: 0x00000265fda388b0
Event: 2.980 Thread 0x00000265efc3f850 Thread added: 0x00000265fdaa2cb0
Event: 3.044 Thread 0x00000265fd04b710 Thread added: 0x00000265fd6be2f0
Event: 3.754 Thread 0x00000265fd6be2f0 Thread exited: 0x00000265fd6be2f0
Event: 20.531 Thread 0x00000265efc3f850 Thread added: 0x00000265fd9788b0
Event: 20.538 Thread 0x00000265efc3f850 Thread added: 0x00000265fd978f20
Event: 21.028 Thread 0x00000265fd978f20 Thread added: 0x00000265fd687480
Event: 21.204 Thread 0x00000265fd04b710 Thread added: 0x00000265fd668f90
Event: 21.205 Thread 0x00000265fd04b710 Thread added: 0x00000265fd5e64f0
Event: 21.423 Thread 0x00000265fd5e64f0 Thread exited: 0x00000265fd5e64f0
Event: 21.492 Thread 0x00000265fd978f20 Thread added: 0x00000265fd4cf9c0


Dynamic libraries:
0x00007ff61f2f0000 - 0x00007ff61f2fe000 	c:\Users\AIoT Project 1\.vscode\extensions\redhat.java-1.53.0-win32-x64\jre\21.0.10-win32-x86_64\bin\java.exe
0x00007ffe75ea0000 - 0x00007ffe76107000 	C:\WINDOWS\SYSTEM32\ntdll.dll
0x00007ffe74080000 - 0x00007ffe74149000 	C:\WINDOWS\System32\KERNEL32.DLL
0x00007ffe72d50000 - 0x00007ffe73144000 	C:\WINDOWS\System32\KERNELBASE.dll
0x00007ffe6c510000 - 0x00007ffe6c5af000 	C:\WINDOWS\SYSTEM32\apphelp.dll
0x00007ffe72770000 - 0x00007ffe728bb000 	C:\WINDOWS\System32\ucrtbase.dll
0x00007ffde69e0000 - 0x00007ffde69f8000 	c:\Users\AIoT Project 1\.vscode\extensions\redhat.java-1.53.0-win32-x64\jre\21.0.10-win32-x86_64\bin\jli.dll
0x00007ffe74560000 - 0x00007ffe74725000 	C:\WINDOWS\System32\USER32.dll
0x00007ffe72b00000 - 0x00007ffe72b27000 	C:\WINDOWS\System32\win32u.dll
0x00007ffe74c80000 - 0x00007ffe74cab000 	C:\WINDOWS\System32\GDI32.dll
0x00007ffe73200000 - 0x00007ffe7332a000 	C:\WINDOWS\System32\gdi32full.dll
0x00007ffe73150000 - 0x00007ffe731f3000 	C:\WINDOWS\System32\msvcp_win.dll
0x00007ffdea1a0000 - 0x00007ffdea1be000 	c:\Users\AIoT Project 1\.vscode\extensions\redhat.java-1.53.0-win32-x64\jre\21.0.10-win32-x86_64\bin\VCRUNTIME140.dll
0x00007ffe55e20000 - 0x00007ffe560b3000 	C:\WINDOWS\WinSxS\amd64_microsoft.windows.common-controls_6595b64144ccf1df_6.0.26100.8115_none_3e075c82e3354f9c\COMCTL32.dll
0x00007ffe73fd0000 - 0x00007ffe74079000 	C:\WINDOWS\System32\msvcrt.dll
0x00007ffe74730000 - 0x00007ffe74762000 	C:\WINDOWS\System32\IMM32.DLL
0x00007ffe459e0000 - 0x00007ffe459ec000 	c:\Users\AIoT Project 1\.vscode\extensions\redhat.java-1.53.0-win32-x64\jre\21.0.10-win32-x86_64\bin\vcruntime140_1.dll
0x00007ffdd1c20000 - 0x00007ffdd1cad000 	c:\Users\AIoT Project 1\.vscode\extensions\redhat.java-1.53.0-win32-x64\jre\21.0.10-win32-x86_64\bin\msvcp140.dll
0x00007ffdbfd70000 - 0x00007ffdc0b11000 	c:\Users\AIoT Project 1\.vscode\extensions\redhat.java-1.53.0-win32-x64\jre\21.0.10-win32-x86_64\bin\server\jvm.dll
0x00007ffe74770000 - 0x00007ffe74826000 	C:\WINDOWS\System32\ADVAPI32.dll
0x00007ffe744b0000 - 0x00007ffe74557000 	C:\WINDOWS\System32\sechost.dll
0x00007ffe758b0000 - 0x00007ffe759c8000 	C:\WINDOWS\System32\RPCRT4.dll
0x00007ffe741e0000 - 0x00007ffe74260000 	C:\WINDOWS\System32\WS2_32.dll
0x00007ffe725d0000 - 0x00007ffe7262e000 	C:\WINDOWS\SYSTEM32\POWRPROF.dll
0x00007ffe60460000 - 0x00007ffe60496000 	C:\WINDOWS\SYSTEM32\WINMM.dll
0x00007ffe63940000 - 0x00007ffe6394b000 	C:\WINDOWS\SYSTEM32\VERSION.dll
0x00007ffe725b0000 - 0x00007ffe725c4000 	C:\WINDOWS\SYSTEM32\UMPDC.dll
0x00007ffe71500000 - 0x00007ffe7151b000 	C:\WINDOWS\SYSTEM32\kernel.appcore.dll
0x00007ffe451c0000 - 0x00007ffe451ca000 	c:\Users\AIoT Project 1\.vscode\extensions\redhat.java-1.53.0-win32-x64\jre\21.0.10-win32-x86_64\bin\jimage.dll
0x00007ffe705f0000 - 0x00007ffe70832000 	C:\WINDOWS\SYSTEM32\DBGHELP.DLL
0x00007ffe73c40000 - 0x00007ffe73fc2000 	C:\WINDOWS\System32\combase.dll
0x00007ffe74b80000 - 0x00007ffe74c57000 	C:\WINDOWS\System32\OLEAUT32.dll
0x00007ffe50f70000 - 0x00007ffe50fab000 	C:\WINDOWS\SYSTEM32\dbgcore.DLL
0x00007ffe72ca0000 - 0x00007ffe72d45000 	C:\WINDOWS\System32\bcryptPrimitives.dll
0x00007ffe447b0000 - 0x00007ffe447bf000 	c:\Users\AIoT Project 1\.vscode\extensions\redhat.java-1.53.0-win32-x64\jre\21.0.10-win32-x86_64\bin\instrument.dll
0x00007ffde5490000 - 0x00007ffde54b0000 	c:\Users\AIoT Project 1\.vscode\extensions\redhat.java-1.53.0-win32-x64\jre\21.0.10-win32-x86_64\bin\java.dll
0x00007ffe74ee0000 - 0x00007ffe75646000 	C:\WINDOWS\System32\SHELL32.dll
0x00007ffe72b30000 - 0x00007ffe72c9a000 	C:\WINDOWS\System32\wintypes.dll
0x00007ffe73330000 - 0x00007ffe73b95000 	C:\WINDOWS\System32\windows.storage.dll
0x00007ffe757b0000 - 0x00007ffe758a7000 	C:\WINDOWS\System32\SHCORE.dll
0x00007ffe74440000 - 0x00007ffe744a6000 	C:\WINDOWS\System32\shlwapi.dll
0x00007ffe72690000 - 0x00007ffe726b9000 	C:\WINDOWS\SYSTEM32\profapi.dll
0x00007ffdd2dc0000 - 0x00007ffdd2dd8000 	c:\Users\AIoT Project 1\.vscode\extensions\redhat.java-1.53.0-win32-x64\jre\21.0.10-win32-x86_64\bin\zip.dll
0x00007ffe43850000 - 0x00007ffe43860000 	C:\Users\AIoT Project 1\.vscode\extensions\redhat.java-1.53.0-win32-x64\jre\21.0.10-win32-x86_64\bin\net.dll
0x00007ffe64960000 - 0x00007ffe64a8d000 	C:\WINDOWS\SYSTEM32\WINHTTP.dll
0x00007ffe71a70000 - 0x00007ffe71adc000 	C:\WINDOWS\system32\mswsock.dll
0x00007ffdd27f0000 - 0x00007ffdd2806000 	C:\Users\AIoT Project 1\.vscode\extensions\redhat.java-1.53.0-win32-x64\jre\21.0.10-win32-x86_64\bin\nio.dll
0x00007ffe41e20000 - 0x00007ffe41e30000 	c:\Users\AIoT Project 1\.vscode\extensions\redhat.java-1.53.0-win32-x64\jre\21.0.10-win32-x86_64\bin\verify.dll
0x00007ffdd4880000 - 0x00007ffdd48c5000 	C:\Users\AIoT Project 1\AppData\Roaming\Code\User\globalStorage\redhat.java\1.53.0\config_ss_win\org.eclipse.equinox.launcher\org.eclipse.equinox.launcher.win32.win32.x86_64_1.3.0.v20260203-2149\eclipse_11919.dll
0x00007ffe74270000 - 0x00007ffe74407000 	C:\WINDOWS\System32\ole32.dll

JVMTI agents:
c:\Users\AIoT Project 1\.vscode\extensions\redhat.java-1.53.0-win32-x64\lombok\lombok-1.18.39-4050.jar path:c:\Users\AIoT Project 1\.vscode\extensions\redhat.java-1.53.0-win32-x64\jre\21.0.10-win32-x86_64\bin\instrument.dll, loaded, initialized, instrumentlib options:none

dbghelp: loaded successfully - version: 4.0.5 - missing functions: none
symbol engine: initialized successfully - sym options: 0x614 - pdb path: .;c:\Users\AIoT Project 1\.vscode\extensions\redhat.java-1.53.0-win32-x64\jre\21.0.10-win32-x86_64\bin;C:\WINDOWS\SYSTEM32;C:\WINDOWS\WinSxS\amd64_microsoft.windows.common-controls_6595b64144ccf1df_6.0.26100.8115_none_3e075c82e3354f9c;c:\Users\AIoT Project 1\.vscode\extensions\redhat.java-1.53.0-win32-x64\jre\21.0.10-win32-x86_64\bin\server;C:\Users\AIoT Project 1\AppData\Roaming\Code\User\globalStorage\redhat.java\1.53.0\config_ss_win\org.eclipse.equinox.launcher\org.eclipse.equinox.launcher.win32.win32.x86_64_1.3.0.v20260203-2149

VM Arguments:
jvm_args: --add-modules=ALL-SYSTEM --add-opens=java.base/java.util=ALL-UNNAMED --add-opens=java.base/java.lang=ALL-UNNAMED --add-opens=java.base/sun.nio.fs=ALL-UNNAMED -Declipse.application=org.eclipse.jdt.ls.core.id1 -Dosgi.bundles.defaultStartLevel=4 -Declipse.product=org.eclipse.jdt.ls.core.product -Djava.import.generatesMetadataFilesAtProjectRoot=false -DDetectVMInstallationsJob.disabled=true -Dfile.encoding=utf8 -XX:+UseParallelGC -XX:GCTimeRatio=4 -XX:AdaptiveSizePolicyWeight=90 -Dsun.zip.disableMemoryMapping=true -Xmx2G -Xms100m -Xlog:disable -javaagent:c:\Users\AIoT Project 1\.vscode\extensions\redhat.java-1.53.0-win32-x64\lombok\lombok-1.18.39-4050.jar 
java_command: c:\Users\AIoT Project 1\.vscode\extensions\redhat.java-1.53.0-win32-x64\server\plugins\org.eclipse.equinox.launcher_1.7.100.v20251111-0406.jar -configuration c:\Users\AIoT Project 1\AppData\Roaming\Code\User\globalStorage\redhat.java\1.53.0\config_ss_win -data c:\Users\AIoT Project 1\AppData\Roaming\Code\User\workspaceStorage\d278812864858fe75348f30ddb676b0c\redhat.java\ss_ws --pipe=\\.\pipe\lsp-834f38c4838a005cbd381c078de3b239-sock
java_class_path (initial): c:\Users\AIoT Project 1\.vscode\extensions\redhat.java-1.53.0-win32-x64\server\plugins\org.eclipse.equinox.launcher_1.7.100.v20251111-0406.jar
Launcher Type: SUN_STANDARD

[Global flags]
    uintx AdaptiveSizePolicyWeight                 = 90                                        {product} {command line}
     intx CICompilerCount                          = 4                                         {product} {ergonomic}
    uintx GCTimeRatio                              = 4                                         {product} {command line}
   size_t InitialHeapSize                          = 104857600                                 {product} {command line}
   size_t MaxHeapSize                              = 2147483648                                {product} {command line}
   size_t MaxNewSize                               = 715653120                                 {product} {ergonomic}
   size_t MinHeapDeltaBytes                        = 524288                                    {product} {ergonomic}
   size_t MinHeapSize                              = 104857600                                 {product} {command line}
   size_t NewSize                                  = 34603008                                  {product} {ergonomic}
    uintx NonNMethodCodeHeapSize                   = 5839372                                {pd product} {ergonomic}
    uintx NonProfiledCodeHeapSize                  = 122909434                              {pd product} {ergonomic}
   size_t OldSize                                  = 70254592                                  {product} {ergonomic}
    uintx ProfiledCodeHeapSize                     = 122909434                              {pd product} {ergonomic}
    uintx ReservedCodeCacheSize                    = 251658240                              {pd product} {ergonomic}
     bool SegmentedCodeCache                       = true                                      {product} {ergonomic}
   size_t SoftMaxHeapSize                          = 2147483648                             {manageable} {ergonomic}
     bool UseCompressedOops                        = true                           {product lp64_product} {ergonomic}
     bool UseLargePagesIndividualAllocation        = false                                  {pd product} {ergonomic}
     bool UseParallelGC                            = true                                      {product} {command line}

Logging:
Log output configuration:
 #0: stdout all=off uptime,level,tags foldmultilines=false
 #1: stderr all=off uptime,level,tags foldmultilines=false

Release file:
JAVA_VERSION="21.0.10" 
MODULES="java.base java.compiler java.datatransfer java.xml java.prefs java.desktop java.instrument java.logging java.management java.security.sasl java.naming java.rmi java.management.rmi java.net.http java.scripting java.security.jgss java.transaction.xa java.sql java.sql.rowset java.xml.crypto java.se java.smartcardio jdk.accessibility jdk.internal.jvmstat jdk.attach jdk.charsets jdk.internal.opt jdk.zipfs jdk.compiler jdk.crypto.ec jdk.crypto.cryptoki jdk.crypto.mscapi jdk.dynalink jdk.internal.ed jdk.editpad jdk.hotspot.agent jdk.httpserver jdk.internal.le jdk.internal.vm.ci jdk.internal.vm.compiler jdk.internal.vm.compiler.management jdk.jartool jdk.javadoc jdk.jcmd jdk.management jdk.management.agent jdk.jconsole jdk.jdeps jdk.jdwp.agent jdk.jdi jdk.jfr jdk.jshell jdk.jsobject jdk.jstatd jdk.localedata jdk.management.jfr jdk.naming.dns jdk.naming.rmi jdk.net jdk.nio.mapmode jdk.random jdk.sctp jdk.security.auth jdk.security.jgss jdk.unsupported jdk.unsupported.desktop jdk.xml.dom" 

Environment Variables:
JAVA_HOME="C:\Program Files\Android\Android Studio\jbr"
PATH=C:\Users\AIoT Project 1\AppData\Local\Programs\Microsoft VS Code;C:\Program Files\Common Files\Oracle\Java\javapath;C:\WINDOWS\system32;C:\WINDOWS;C:\WINDOWS\System32\Wbem;C:\WINDOWS\System32\WindowsPowerShell\v1.0\;C:\WINDOWS\System32\OpenSSH\;c:\Users\AIoT Project 1\AppData\Local\Programs\cursor\resources\app\bin;C:\ProgramData\chocolatey\bin;C:\Program Files\nodejs\;C:\WINDOWS\system32;C:\WINDOWS;C:\WINDOWS\System32\Wbem;C:\WINDOWS\System32\WindowsPowerShell\v1.0\;C:\WINDOWS\System32\OpenSSH\;C:\Program Files\php-8.4.1;C:\ProgramData\ComposerSetup\bin;C:\laragon\bin\php;C:\Program Files\Git\cmd;C:\Program Files\Android\platform-tools\adb.exe;C:\adb\platform-tools;C:\Users\AIoT Project 1\AppData\Local\Programs\Eclipse Adoptium\jdk-17.0.18.8-hotspot\bin;C:\Users\AIoT Project 1\AppData\Local\Programs\Python\Python311-32\Scripts\;C:\Users\AIoT Project 1\AppData\Local\Programs\Python\Python311-32\;C:\Users\AIoT Project 1\AppData\Local\Microsoft\WindowsApps;C:\Program Files\JetBrains\IntelliJ IDEA 2024.3.5\bin;;C:\Program Files\JetBrains\IntelliJ IDEA Community Edition 2024.3.5\bin;;C:\Program Files\JetBrains\PyCharm 2025.1.1.1\bin;;C:\Users\AIoT Project 1\AppData\Local\GitHubDesktop\bin;C:\Users\AIoT Project 1\AppData\Roaming\npm;C:\Users\AIoT Project 1\AppData\Local\Programs\Microsoft VS Code\bin;C:\Users\AIoT Project 1\AppData\Roaming\Composer\vendor\bin;C:\laragon\bin\php;C:\Program Files\Android;C:\adb\platform-tools;C:\Users\AIoT Project 1\AppData\Local\Android\Sdk\platform-tools;
USERNAME=AIoT Project 1
OS=Windows_NT
PROCESSOR_IDENTIFIER=Intel64 Family 6 Model 126 Stepping 5, GenuineIntel
TMP=C:\Users\AIOTPR~1\AppData\Local\Temp
TEMP=C:\Users\AIOTPR~1\AppData\Local\Temp




Periodic native trim disabled

---------------  S Y S T E M  ---------------

OS:
 Windows 11 , 64 bit Build 26100 (10.0.26100.8115)
OS uptime: 0 days 0:19 hours

CPU: total 8 (initial active 8) (4 cores per cpu, 2 threads per core) family 6 model 126 stepping 5 microcode 0xb8, cx8, cmov, fxsr, ht, mmx, 3dnowpref, sse, sse2, sse3, ssse3, sse4.1, sse4.2, popcnt, lzcnt, tsc, tscinvbit, avx, avx2, aes, erms, clmul, bmi1, bmi2, adx, avx512f, avx512dq, avx512cd, avx512bw, avx512vl, sha, fma, vzeroupper, avx512_vpopcntdq, avx512_vpclmulqdq, avx512_vaes, avx512_vnni, clflush, clflushopt, avx512_vbmi2, avx512_vbmi, rdtscp, rdpid, fsrm, gfni, avx512_bitalg, f16c, pku, avx512_ifma
Processor Information for the first 8 processors :
  Max Mhz: 1190, Current Mhz: 694, Mhz Limit: 690

Memory: 4k page, system-wide physical 7955M (583M free)
TotalPageFile size 13502M (AvailPageFile size 34M)
current process WorkingSet (physical memory assigned to process): 116M, peak: 116M
current process commit charge ("private bytes"): 256M, peak: 256M

vm_info: OpenJDK 64-Bit Server VM (21.0.10+7-LTS) for windows-amd64 JRE (21.0.10+7-LTS), built on 2026-01-20T00:00:00Z by "admin" with MS VC++ 17.12 (VS2022)

END.
