#
# There is insufficient memory for the Java Runtime Environment to continue.
# Native memory allocation (malloc) failed to allocate 392496 bytes. Error detail: Chunk::new
# Possible reasons:
#   The system is out of physical RAM or swap space
#   This process is running with CompressedOops enabled, and the Java Heap may be blocking the growth of the native heap
# Possible solutions:
#   Reduce memory load on the system
#   Increase physical memory or swap space
#   Check if swap backing store is full
#   Decrease Java heap size (-Xmx/-Xms)
#   Decrease number of Java threads
#   Decrease Java thread stack sizes (-Xss)
#   Set larger code cache with -XX:ReservedCodeCacheSize=
#   JVM is running with Unscaled Compressed Oops mode in which the Java heap is
#     placed in the first 4GB address space. The Java Heap base address is the
#     maximum limit for the native heap growth. Please use -XX:HeapBaseMinAddress
#     to set the Java Heap base and to place the Java Heap above 4GB virtual address.
# This output file may be truncated or incomplete.
#
#  Out of Memory Error (arena.cpp:168), pid=9484, tid=3648
#
# JRE version: OpenJDK Runtime Environment Temurin-21.0.10+7 (21.0.10+7) (build 21.0.10+7-LTS)
# Java VM: OpenJDK 64-Bit Server VM Temurin-21.0.10+7 (21.0.10+7-LTS, mixed mode, sharing, tiered, compressed oops, compressed class ptrs, parallel gc, windows-amd64)
# No core dump will be written. Minidumps are not enabled by default on client versions of Windows
#

---------------  S U M M A R Y ------------

Command Line: --add-modules=ALL-SYSTEM --add-opens=java.base/java.util=ALL-UNNAMED --add-opens=java.base/java.lang=ALL-UNNAMED --add-opens=java.base/sun.nio.fs=ALL-UNNAMED -Declipse.application=org.eclipse.jdt.ls.core.id1 -Dosgi.bundles.defaultStartLevel=4 -Declipse.product=org.eclipse.jdt.ls.core.product -Djava.import.generatesMetadataFilesAtProjectRoot=false -DDetectVMInstallationsJob.disabled=true -Dfile.encoding=utf8 -XX:+UseParallelGC -XX:GCTimeRatio=4 -XX:AdaptiveSizePolicyWeight=90 -Dsun.zip.disableMemoryMapping=true -Xmx2G -Xms100m -Xlog:disable -javaagent:c:\Users\AIoT Project 1\.vscode\extensions\redhat.java-1.53.0-win32-x64\lombok\lombok-1.18.39-4050.jar -XX:+HeapDumpOnOutOfMemoryError -XX:HeapDumpPath=c:\Users\AIoT Project 1\AppData\Roaming\Code\User\workspaceStorage\d278812864858fe75348f30ddb676b0c\redhat.java -Daether.dependencyCollector.impl=bf c:\Users\AIoT Project 1\.vscode\extensions\redhat.java-1.53.0-win32-x64\server\plugins\org.eclipse.equinox.launcher_1.7.100.v20251111-0406.jar -configuration c:\Users\AIoT Project 1\AppData\Roaming\Code\User\globalStorage\redhat.java\1.53.0\config_win -data c:\Users\AIoT Project 1\AppData\Roaming\Code\User\workspaceStorage\d278812864858fe75348f30ddb676b0c\redhat.java\jdt_ws --pipe=\\.\pipe\lsp-c832786416517e598d55bdfb87b37189-sock

Host: Intel(R) Core(TM) i5-1035G1 CPU @ 1.00GHz, 8 cores, 7G,  Windows 11 , 64 bit Build 26100 (10.0.26100.8115)
Time: Fri Mar 27 09:35:03 2026 Namibia Standard Time elapsed time: 2.953213 seconds (0d 0h 0m 2s)

---------------  T H R E A D  ---------------

Current thread (0x0000018e4894e480):  JavaThread "C2 CompilerThread0" daemon [_thread_in_native, id=3648, stack(0x00000074a4a00000,0x00000074a4b00000) (1024K)]


Current CompileTask:
C2:2953 1406       4       jdk.internal.jimage.ImageLocation::verify (218 bytes)

Stack: [0x00000074a4a00000,0x00000074a4b00000]
Native frames: (J=compiled Java code, j=interpreted, Vv=VM code, C=native code)
V  [jvm.dll+0x6d7a39]
V  [jvm.dll+0x8b4b26]
V  [jvm.dll+0x8b70de]
V  [jvm.dll+0x8b77c3]
V  [jvm.dll+0x284346]
V  [jvm.dll+0xc66ed]
V  [jvm.dll+0xc6c31]
V  [jvm.dll+0x3bec3b]
V  [jvm.dll+0x38b162]
V  [jvm.dll+0x38a5aa]
V  [jvm.dll+0x24c560]
V  [jvm.dll+0x24bb40]
V  [jvm.dll+0x1cb34e]
V  [jvm.dll+0x25b85d]
V  [jvm.dll+0x259dea]
V  [jvm.dll+0x3f857e]
V  [jvm.dll+0x85f59d]
V  [jvm.dll+0x6d626d]
C  [ucrtbase.dll+0x37b0]
C  [KERNEL32.DLL+0x2e8d7]
C  [ntdll.dll+0x8c3fc]


---------------  P R O C E S S  ---------------

Threads class SMR info:
_java_thread_list=0x0000018e90087610, length=13, elements={
0x0000018e2fc22ff0, 0x0000018e48939fd0, 0x0000018e4893d030, 0x0000018e48943670,
0x0000018e48944560, 0x0000018e48946520, 0x0000018e489470b0, 0x0000018e4894e480,
0x0000018e8b27fa70, 0x0000018e8b3e6df0, 0x0000018e8b595500, 0x0000018e8bc27300,
0x0000018e8bc27dc0
}

Java Threads: ( => current thread )
  0x0000018e2fc22ff0 JavaThread "main"                              [_thread_in_vm, id=13612, stack(0x00000074a4000000,0x00000074a4100000) (1024K)]
  0x0000018e48939fd0 JavaThread "Reference Handler"          daemon [_thread_blocked, id=3668, stack(0x00000074a4400000,0x00000074a4500000) (1024K)]
  0x0000018e4893d030 JavaThread "Finalizer"                  daemon [_thread_blocked, id=9172, stack(0x00000074a4500000,0x00000074a4600000) (1024K)]
  0x0000018e48943670 JavaThread "Signal Dispatcher"          daemon [_thread_blocked, id=2836, stack(0x00000074a4600000,0x00000074a4700000) (1024K)]
  0x0000018e48944560 JavaThread "Attach Listener"            daemon [_thread_blocked, id=11244, stack(0x00000074a4700000,0x00000074a4800000) (1024K)]
  0x0000018e48946520 JavaThread "Service Thread"             daemon [_thread_blocked, id=11652, stack(0x00000074a4800000,0x00000074a4900000) (1024K)]
  0x0000018e489470b0 JavaThread "Monitor Deflation Thread"   daemon [_thread_blocked, id=17872, stack(0x00000074a4900000,0x00000074a4a00000) (1024K)]
=>0x0000018e4894e480 JavaThread "C2 CompilerThread0"         daemon [_thread_in_native, id=3648, stack(0x00000074a4a00000,0x00000074a4b00000) (1024K)]
  0x0000018e8b27fa70 JavaThread "C1 CompilerThread0"         daemon [_thread_blocked, id=16064, stack(0x00000074a4b00000,0x00000074a4c00000) (1024K)]
  0x0000018e8b3e6df0 JavaThread "Common-Cleaner"             daemon [_thread_blocked, id=14104, stack(0x00000074a4c00000,0x00000074a4d00000) (1024K)]
  0x0000018e8b595500 JavaThread "Notification Thread"        daemon [_thread_blocked, id=15284, stack(0x00000074a4d00000,0x00000074a4e00000) (1024K)]
  0x0000018e8bc27300 JavaThread "C2 CompilerThread1"         daemon [_thread_in_native, id=17736, stack(0x00000074a4e00000,0x00000074a4f00000) (1024K)]
  0x0000018e8bc27dc0 JavaThread "C2 CompilerThread2"         daemon [_thread_in_native, id=12504, stack(0x00000074a5500000,0x00000074a5600000) (1024K)]
Total: 13

Other Threads:
  0x0000018e31f67230 VMThread "VM Thread"                           [id=4688, stack(0x00000074a4300000,0x00000074a4400000) (1024K)]
  0x0000018e31f36190 WatcherThread "VM Periodic Task Thread"        [id=3664, stack(0x00000074a4200000,0x00000074a4300000) (1024K)]
  0x0000018e31ee73e0 WorkerThread "GC Thread#0"                     [id=14856, stack(0x00000074a4100000,0x00000074a4200000) (1024K)]
  0x0000018e8b831090 WorkerThread "GC Thread#1"                     [id=10312, stack(0x00000074a4f00000,0x00000074a5000000) (1024K)]
  0x0000018e8ba8fb70 WorkerThread "GC Thread#2"                     [id=20456, stack(0x00000074a5000000,0x00000074a5100000) (1024K)]
  0x0000018e8b835550 WorkerThread "GC Thread#3"                     [id=2336, stack(0x00000074a5100000,0x00000074a5200000) (1024K)]
  0x0000018e8b835900 WorkerThread "GC Thread#4"                     [id=2028, stack(0x00000074a5200000,0x00000074a5300000) (1024K)]
  0x0000018e8b835cb0 WorkerThread "GC Thread#5"                     [id=18796, stack(0x00000074a5300000,0x00000074a5400000) (1024K)]
  0x0000018e8b836060 WorkerThread "GC Thread#6"                     [id=11064, stack(0x00000074a5400000,0x00000074a5500000) (1024K)]
Total: 9

Threads with active compile tasks:
C2 CompilerThread0  2999 1406       4       jdk.internal.jimage.ImageLocation::verify (218 bytes)
C2 CompilerThread1  2999 1442       4       java.util.HashSet::iterator (13 bytes)
C2 CompilerThread2  3000 1441   !   4       lombok.patcher.ScriptManager$OurClassFileTransformer::transform (473 bytes)
Total: 3

VM state: not at safepoint (normal execution)

VM Mutex/Monitor currently owned by a thread: None

Heap address: 0x0000000080000000, size: 2048 MB, Compressed Oops mode: 32-bit

CDS archive(s) mapped at: [0x0000018e49000000-0x0000018e49ba0000-0x0000018e49ba0000), size 12189696, SharedBaseAddress: 0x0000018e49000000, ArchiveRelocationMode: 1.
Compressed class space mapped at: 0x0000018e4a000000-0x0000018e8a000000, reserved size: 1073741824
Narrow klass base: 0x0000018e49000000, Narrow klass shift: 0, Narrow klass range: 0x100000000

GC Precious Log:
 CardTable entry size: 512
 CPUs: 8 total, 8 available
 Memory: 7955M
 Large Page Support: Disabled
 NUMA Support: Disabled
 Compressed Oops: Enabled (32-bit)
 Alignments: Space 512K, Generation 512K, Heap 2M
 Heap Min Capacity: 100M
 Heap Initial Capacity: 100M
 Heap Max Capacity: 2G
 Pre-touch: Disabled
 Parallel Workers: 8

Heap:
 PSYoungGen      total 29696K, used 15768K [0x00000000d5580000, 0x00000000d7680000, 0x0000000100000000)
  eden space 25600K, 48% used [0x00000000d5580000,0x00000000d61b43b8,0x00000000d6e80000)
  from space 4096K, 79% used [0x00000000d6e80000,0x00000000d71b1e98,0x00000000d7280000)
  to   space 4096K, 0% used [0x00000000d7280000,0x00000000d7280000,0x00000000d7680000)
 ParOldGen       total 68608K, used 16K [0x0000000080000000, 0x0000000084300000, 0x00000000d5580000)
  object space 68608K, 0% used [0x0000000080000000,0x0000000080004000,0x0000000084300000)
 Metaspace       used 6333K, committed 6592K, reserved 1114112K
  class space    used 640K, committed 768K, reserved 1048576K

Card table byte_map: [0x0000018e31860000,0x0000018e31c70000] _byte_map_base: 0x0000018e31460000

Marking Bits: (ParMarkBitMap*) 0x00007ffdc0a33450
 Begin Bits: [0x0000018e44370000, 0x0000018e46370000)
 End Bits:   [0x0000018e46370000, 0x0000018e48370000)

Polling page: 0x0000018e30110000

Metaspace:

Usage:
  Non-class:      5.56 MB used.
      Class:    640.98 KB used.
       Both:      6.19 MB used.

Virtual space:
  Non-class space:       64.00 MB reserved,       5.69 MB (  9%) committed,  1 nodes.
      Class space:        1.00 GB reserved,     768.00 KB ( <1%) committed,  1 nodes.
             Both:        1.06 GB reserved,       6.44 MB ( <1%) committed. 

Chunk freelists:
   Non-Class:  9.84 MB
       Class:  15.06 MB
        Both:  24.91 MB

MaxMetaspaceSize: unlimited
CompressedClassSpaceSize: 1.00 GB
Initial GC threshold: 21.00 MB
Current GC threshold: 21.00 MB
CDS: on
 - commit_granule_bytes: 65536.
 - commit_granule_words: 8192.
 - virtual_space_node_default_size: 8388608.
 - enlarge_chunks_in_place: 1.
 - use_allocation_guard: 0.


Internal statistics:

num_allocs_failed_limit: 0.
num_arena_births: 190.
num_arena_deaths: 0.
num_vsnodes_births: 2.
num_vsnodes_deaths: 0.
num_space_committed: 103.
num_space_uncommitted: 0.
num_chunks_returned_to_freelist: 0.
num_chunks_taken_from_freelist: 322.
num_chunk_merges: 0.
num_chunk_splits: 207.
num_chunks_enlarged: 132.
num_inconsistent_stats: 0.

CodeHeap 'non-profiled nmethods': size=120000Kb used=602Kb max_used=602Kb free=119397Kb
 bounds [0x0000018e3cb90000, 0x0000018e3ce00000, 0x0000018e440c0000]
CodeHeap 'profiled nmethods': size=120000Kb used=2436Kb max_used=2436Kb free=117563Kb
 bounds [0x0000018e350c0000, 0x0000018e35330000, 0x0000018e3c5f0000]
CodeHeap 'non-nmethods': size=5760Kb used=1217Kb max_used=1251Kb free=4543Kb
 bounds [0x0000018e3c5f0000, 0x0000018e3c860000, 0x0000018e3cb90000]
CodeCache: size=245760Kb, used=4255Kb, max_used=4289Kb, free=241503Kb
 total_blobs=1909, nmethods=1438, adapters=378, full_count=0
Compilation: enabled, stopped_count=0, restarted_count=0

Compilation events (20 events):
Event: 2.866 Thread 0x0000018e8b27fa70 1403       3       org.lombokweb.asm.ClassReader::readUTF8 (23 bytes)
Event: 2.867 Thread 0x0000018e8b27fa70 nmethod 1403 0x0000018e35317f10 code [0x0000018e353180e0, 0x0000018e35318328]
Event: 2.895 Thread 0x0000018e8b27fa70 1404       3       java.lang.String::substring (10 bytes)
Event: 2.896 Thread 0x0000018e8b27fa70 nmethod 1404 0x0000018e35318410 code [0x0000018e353185e0, 0x0000018e35318818]
Event: 2.897 Thread 0x0000018e8b27fa70 1405       3       java.net.URI::toString (16 bytes)
Event: 2.897 Thread 0x0000018e8b27fa70 nmethod 1405 0x0000018e35318910 code [0x0000018e35318ac0, 0x0000018e35318c38]
Event: 2.906 Thread 0x0000018e4894e480 nmethod 1402% 0x0000018e3cc20310 code [0x0000018e3cc205a0, 0x0000018e3cc21af8]
Event: 2.907 Thread 0x0000018e4894e480 1406       4       jdk.internal.jimage.ImageLocation::verify (218 bytes)
Event: 2.908 Thread 0x0000018e8bc27300 1407       4       org.lombokweb.asm.ClassReader::readUnsignedShort (26 bytes)
Event: 2.908 Thread 0x0000018e8b27fa70 1408       3       org.lombokweb.asm.SymbolTable::hash (10 bytes)
Event: 2.909 Thread 0x0000018e8b27fa70 nmethod 1408 0x0000018e35318d10 code [0x0000018e35318ec0, 0x0000018e35318ff0]
Event: 2.909 Thread 0x0000018e8bc27300 nmethod 1407 0x0000018e3cc22690 code [0x0000018e3cc22820, 0x0000018e3cc22928]
Event: 2.913 Thread 0x0000018e8b27fa70 1409       3       java.io.File::<init> (20 bytes)
Event: 2.913 Thread 0x0000018e8b27fa70 nmethod 1409 0x0000018e35319110 code [0x0000018e353192c0, 0x0000018e35319460]
Event: 2.919 Thread 0x0000018e8bc27300 1410       4       java.util.concurrent.ConcurrentHashMap$Traverser::advance (188 bytes)
Event: 2.923 Thread 0x0000018e8bc27300 nmethod 1410 0x0000018e3cc22e10 code [0x0000018e3cc22fa0, 0x0000018e3cc231b0]
Event: 2.932 Thread 0x0000018e8bc27dc0 1412       4       jdk.internal.module.ModuleReferenceImpl::hashCode (56 bytes)
Event: 2.933 Thread 0x0000018e8bc27dc0 nmethod 1412 0x0000018e3cc23310 code [0x0000018e3cc234a0, 0x0000018e3cc23548]
Event: 2.941 Thread 0x0000018e8b27fa70 1413       3       jdk.internal.module.Resources::toPackageName (39 bytes)
Event: 2.942 Thread 0x0000018e8b27fa70 nmethod 1413 0x0000018e35319510 code [0x0000018e35319740, 0x0000018e35319db0]

GC Heap History (2 events):
Event: 2.164 GC heap before
{Heap before GC invocations=1 (full 0):
 PSYoungGen      total 29696K, used 25600K [0x00000000d5580000, 0x00000000d7680000, 0x0000000100000000)
  eden space 25600K, 100% used [0x00000000d5580000,0x00000000d6e80000,0x00000000d6e80000)
  from space 4096K, 0% used [0x00000000d7280000,0x00000000d7280000,0x00000000d7680000)
  to   space 4096K, 0% used [0x00000000d6e80000,0x00000000d6e80000,0x00000000d7280000)
 ParOldGen       total 68608K, used 0K [0x0000000080000000, 0x0000000084300000, 0x00000000d5580000)
  object space 68608K, 0% used [0x0000000080000000,0x0000000080000000,0x0000000084300000)
 Metaspace       used 4332K, committed 4608K, reserved 1114112K
  class space    used 471K, committed 576K, reserved 1048576K
}
Event: 2.174 GC heap after
{Heap after GC invocations=1 (full 0):
 PSYoungGen      total 29696K, used 3271K [0x00000000d5580000, 0x00000000d7680000, 0x0000000100000000)
  eden space 25600K, 0% used [0x00000000d5580000,0x00000000d5580000,0x00000000d6e80000)
  from space 4096K, 79% used [0x00000000d6e80000,0x00000000d71b1e98,0x00000000d7280000)
  to   space 4096K, 0% used [0x00000000d7280000,0x00000000d7280000,0x00000000d7680000)
 ParOldGen       total 68608K, used 16K [0x0000000080000000, 0x0000000084300000, 0x00000000d5580000)
  object space 68608K, 0% used [0x0000000080000000,0x0000000080004000,0x0000000084300000)
 Metaspace       used 4332K, committed 4608K, reserved 1114112K
  class space    used 471K, committed 576K, reserved 1048576K
}

Dll operation events (8 events):
Event: 0.043 Loaded shared library c:\Users\AIoT Project 1\.vscode\extensions\redhat.java-1.53.0-win32-x64\jre\21.0.10-win32-x86_64\bin\java.dll
Event: 0.227 Loaded shared library c:\Users\AIoT Project 1\.vscode\extensions\redhat.java-1.53.0-win32-x64\jre\21.0.10-win32-x86_64\bin\zip.dll
Event: 0.465 Loaded shared library C:\Users\AIoT Project 1\.vscode\extensions\redhat.java-1.53.0-win32-x64\jre\21.0.10-win32-x86_64\bin\instrument.dll
Event: 0.568 Loaded shared library C:\Users\AIoT Project 1\.vscode\extensions\redhat.java-1.53.0-win32-x64\jre\21.0.10-win32-x86_64\bin\net.dll
Event: 0.573 Loaded shared library C:\Users\AIoT Project 1\.vscode\extensions\redhat.java-1.53.0-win32-x64\jre\21.0.10-win32-x86_64\bin\nio.dll
Event: 0.579 Loaded shared library C:\Users\AIoT Project 1\.vscode\extensions\redhat.java-1.53.0-win32-x64\jre\21.0.10-win32-x86_64\bin\zip.dll
Event: 0.625 Loaded shared library C:\Users\AIoT Project 1\.vscode\extensions\redhat.java-1.53.0-win32-x64\jre\21.0.10-win32-x86_64\bin\jimage.dll
Event: 0.786 Loaded shared library c:\Users\AIoT Project 1\.vscode\extensions\redhat.java-1.53.0-win32-x64\jre\21.0.10-win32-x86_64\bin\verify.dll

Deoptimization events (20 events):
Event: 2.729 Thread 0x0000018e2fc22ff0 Uncommon trap: trap_request=0xffffff45 fr.pc=0x0000018e3cbd7a58 relative=0x0000000000001098
Event: 2.729 Thread 0x0000018e2fc22ff0 Uncommon trap: reason=unstable_if action=reinterpret pc=0x0000018e3cbd7a58 method=lombok.patcher.PatchScript.classMatches(Ljava/lang/String;Ljava/util/Collection;)Z @ 25 c2
Event: 2.729 Thread 0x0000018e2fc22ff0 DEOPT PACKING pc=0x0000018e3cbd7a58 sp=0x00000074a40f8a20
Event: 2.729 Thread 0x0000018e2fc22ff0 DEOPT UNPACKING pc=0x0000018e3c646da2 sp=0x00000074a40f8988 mode 2
Event: 2.732 Thread 0x0000018e2fc22ff0 DEOPT PACKING pc=0x0000018e3515e60d sp=0x00000074a40f7e70
Event: 2.732 Thread 0x0000018e2fc22ff0 DEOPT UNPACKING pc=0x0000018e3c6478e2 sp=0x00000074a40f7320 mode 0
Event: 2.782 Thread 0x0000018e2fc22ff0 DEOPT PACKING pc=0x0000018e3515e60d sp=0x00000074a40f4320
Event: 2.782 Thread 0x0000018e2fc22ff0 DEOPT UNPACKING pc=0x0000018e3c6478e2 sp=0x00000074a40f37d0 mode 0
Event: 2.786 Thread 0x0000018e2fc22ff0 DEOPT PACKING pc=0x0000018e3515e60d sp=0x00000074a40f4320
Event: 2.786 Thread 0x0000018e2fc22ff0 DEOPT UNPACKING pc=0x0000018e3c6478e2 sp=0x00000074a40f37d0 mode 0
Event: 2.797 Thread 0x0000018e2fc22ff0 DEOPT PACKING pc=0x0000018e3515e60d sp=0x00000074a40f7d80
Event: 2.797 Thread 0x0000018e2fc22ff0 DEOPT UNPACKING pc=0x0000018e3c6478e2 sp=0x00000074a40f7230 mode 0
Event: 2.902 Thread 0x0000018e2fc22ff0 Uncommon trap: trap_request=0xffffffc6 fr.pc=0x0000018e3cbcb658 relative=0x0000000000000298
Event: 2.902 Thread 0x0000018e2fc22ff0 Uncommon trap: reason=bimorphic_or_optimized_type_check action=maybe_recompile pc=0x0000018e3cbcb658 method=java.util.Collections$UnmodifiableCollection$1.next()Ljava/lang/Object; @ 4 c2
Event: 2.902 Thread 0x0000018e2fc22ff0 DEOPT PACKING pc=0x0000018e3cbcb658 sp=0x00000074a40f84c0
Event: 2.902 Thread 0x0000018e2fc22ff0 DEOPT UNPACKING pc=0x0000018e3c646da2 sp=0x00000074a40f8470 mode 2
Event: 2.902 Thread 0x0000018e2fc22ff0 Uncommon trap: trap_request=0xffffffc6 fr.pc=0x0000018e3cbcb658 relative=0x0000000000000298
Event: 2.902 Thread 0x0000018e2fc22ff0 Uncommon trap: reason=bimorphic_or_optimized_type_check action=maybe_recompile pc=0x0000018e3cbcb658 method=java.util.Collections$UnmodifiableCollection$1.next()Ljava/lang/Object; @ 4 c2
Event: 2.902 Thread 0x0000018e2fc22ff0 DEOPT PACKING pc=0x0000018e3cbcb658 sp=0x00000074a40f84c0
Event: 2.902 Thread 0x0000018e2fc22ff0 DEOPT UNPACKING pc=0x0000018e3c646da2 sp=0x00000074a40f8470 mode 2

Classes loaded (20 events):
Event: 2.590 Loading class java/util/concurrent/SynchronousQueue$Transferer
Event: 2.590 Loading class java/util/concurrent/LinkedTransferQueue
Event: 2.590 Loading class java/util/concurrent/TransferQueue
Event: 2.591 Loading class java/util/concurrent/TransferQueue done
Event: 2.591 Loading class java/util/concurrent/LinkedTransferQueue done
Event: 2.591 Loading class java/util/concurrent/SynchronousQueue$Transferer done
Event: 2.591 Loading class java/util/concurrent/LinkedTransferQueue$DualNode
Event: 2.591 Loading class java/util/concurrent/LinkedTransferQueue$DualNode done
Event: 2.592 Loading class java/util/concurrent/RejectedExecutionHandler
Event: 2.593 Loading class java/util/concurrent/RejectedExecutionHandler done
Event: 2.593 Loading class java/util/concurrent/LinkedBlockingQueue
Event: 2.593 Loading class java/util/concurrent/LinkedBlockingQueue done
Event: 2.593 Loading class java/util/concurrent/LinkedBlockingQueue$Node
Event: 2.594 Loading class java/util/concurrent/LinkedBlockingQueue$Node done
Event: 2.619 Loading class java/util/concurrent/Semaphore$NonfairSync
Event: 2.620 Loading class java/util/concurrent/Semaphore$Sync
Event: 2.620 Loading class java/util/concurrent/Semaphore$Sync done
Event: 2.620 Loading class java/util/concurrent/Semaphore$NonfairSync done
Event: 2.746 Loading class java/lang/TypeNotPresentException
Event: 2.747 Loading class java/lang/TypeNotPresentException done

Classes unloaded (0 events):
No events

Classes redefined (0 events):
No events

Internal exceptions (20 events):
Event: 1.544 Thread 0x0000018e2fc22ff0 Exception <a 'java/io/FileNotFoundException'{0x00000000d64f24b0}> (0x00000000d64f24b0) 
thrown [s\src\hotspot\share\prims\jni.cpp, line 520]
Event: 1.545 Thread 0x0000018e2fc22ff0 Exception <a 'java/io/FileNotFoundException'{0x00000000d64f3030}> (0x00000000d64f3030) 
thrown [s\src\hotspot\share\prims\jni.cpp, line 520]
Event: 1.596 Thread 0x0000018e2fc22ff0 Implicit null exception at 0x0000018e3cbc2ca4 to 0x0000018e3cbc32a4
Event: 1.606 Thread 0x0000018e2fc22ff0 Implicit null exception at 0x0000018e3cbc4620 to 0x0000018e3cbc4c18
Event: 1.677 Thread 0x0000018e2fc22ff0 Exception <a 'java/io/FileNotFoundException'{0x00000000d652b4a8}> (0x00000000d652b4a8) 
thrown [s\src\hotspot\share\prims\jni.cpp, line 520]
Event: 1.720 Thread 0x0000018e2fc22ff0 Exception <a 'java/lang/NoSuchMethodError'{0x00000000d65650d0}: 'java.lang.Object java.lang.invoke.DirectMethodHandle$Holder.invokeInterface(java.lang.Object, java.lang.Object)'> (0x00000000d65650d0) 
thrown [s\src\hotspot\share\interpreter\linkResolver.cpp, line 773]
Event: 1.725 Thread 0x0000018e2fc22ff0 Exception <a 'java/lang/NoSuchMethodError'{0x00000000d65786c8}: 'java.lang.Object java.lang.invoke.Invokers$Holder.invokeExact_MT(java.lang.Object, java.lang.Object, java.lang.Object, java.lang.Object, java.lang.Object, java.lang.Object)'> (0x00000000d65786c8) 
thrown [s\src\hotspot\share\interpreter\linkResolver.cpp, line 773]
Event: 1.733 Thread 0x0000018e2fc22ff0 Exception <a 'java/lang/NoSuchMethodError'{0x00000000d658f7a0}: 'int java.lang.invoke.DirectMethodHandle$Holder.invokeStatic(java.lang.Object, java.lang.Object, java.lang.Object, java.lang.Object, java.lang.Object)'> (0x00000000d658f7a0) 
thrown [s\src\hotspot\share\interpreter\linkResolver.cpp, line 773]
Event: 1.775 Thread 0x0000018e2fc22ff0 Exception <a 'java/lang/NoSuchMethodError'{0x00000000d6623258}: 'java.lang.Object java.lang.invoke.DirectMethodHandle$Holder.invokeInterface(java.lang.Object, java.lang.Object, int)'> (0x00000000d6623258) 
thrown [s\src\hotspot\share\interpreter\linkResolver.cpp, line 773]
Event: 2.027 Thread 0x0000018e2fc22ff0 Exception <a 'java/lang/NoSuchMethodError'{0x00000000d6a8a9b8}: 'java.lang.ClassLoader java.lang.ClassLoader.getPlatformClassLoader(java.lang.Class)'> (0x00000000d6a8a9b8) 
thrown [s\src\hotspot\share\interpreter\linkResolver.cpp, line 773]
Event: 2.182 Thread 0x0000018e2fc22ff0 Exception <a 'java/lang/ClassNotFoundException'{0x00000000d55a4138}: sun/net/www/protocol/c/Handler> (0x00000000d55a4138) 
thrown [s\src\hotspot\share\classfile\systemDictionary.cpp, line 312]
Event: 2.182 Thread 0x0000018e2fc22ff0 Exception <a 'java/lang/ClassNotFoundException'{0x00000000d55a54c8}: sun/net/www/protocol/c/Handler> (0x00000000d55a54c8) 
thrown [s\src\hotspot\share\classfile\systemDictionary.cpp, line 312]
Event: 2.183 Thread 0x0000018e2fc22ff0 Exception <a 'java/lang/ClassNotFoundException'{0x00000000d55a6660}: sun/net/www/protocol/c/Handler> (0x00000000d55a6660) 
thrown [s\src\hotspot\share\classfile\systemDictionary.cpp, line 312]
Event: 2.196 Thread 0x0000018e2fc22ff0 Exception <a 'java/io/FileNotFoundException'{0x00000000d55d91a8}> (0x00000000d55d91a8) 
thrown [s\src\hotspot\share\prims\jni.cpp, line 520]
Event: 2.284 Thread 0x0000018e2fc22ff0 Implicit null exception at 0x0000018e3cbf7ec9 to 0x0000018e3cbf8864
Event: 2.284 Thread 0x0000018e2fc22ff0 Implicit null exception at 0x0000018e3cbefd9a to 0x0000018e3cbeffa4
Event: 2.286 Thread 0x0000018e2fc22ff0 Exception <a 'java/lang/NoSuchMethodError'{0x00000000d5749c90}: 'void java.lang.invoke.DirectMethodHandle$Holder.invokeStatic(java.lang.Object, java.lang.Object, java.lang.Object, java.lang.Object)'> (0x00000000d5749c90) 
thrown [s\src\hotspot\share\interpreter\linkResolver.cpp, line 773]
Event: 2.295 Thread 0x0000018e2fc22ff0 Implicit null exception at 0x0000018e3cbeb83c to 0x0000018e3cbebac8
Event: 2.295 Thread 0x0000018e2fc22ff0 Implicit null exception at 0x0000018e3cbea13d to 0x0000018e3cbea1c1
Event: 2.528 Thread 0x0000018e2fc22ff0 Exception <a 'java/lang/NoSuchMethodError'{0x00000000d59f70a0}: 'void java.lang.invoke.DirectMethodHandle$Holder.invokeSpecial(java.lang.Object, java.lang.Object, java.lang.Object)'> (0x00000000d59f70a0) 
thrown [s\src\hotspot\share\interpreter\linkResolver.cpp, line 773]

ZGC Phase Switch (0 events):
No events

VM Operations (12 events):
Event: 0.226 Executing non-safepoint VM operation: HandshakeAllThreads (Deoptimize)
Event: 0.226 Executing non-safepoint VM operation: HandshakeAllThreads (Deoptimize) done
Event: 0.651 Executing non-safepoint VM operation: HandshakeAllThreads (Deoptimize)
Event: 0.651 Executing non-safepoint VM operation: HandshakeAllThreads (Deoptimize) done
Event: 1.390 Executing non-safepoint VM operation: HandshakeAllThreads (Deoptimize)
Event: 1.390 Executing non-safepoint VM operation: HandshakeAllThreads (Deoptimize) done
Event: 1.390 Executing safepoint VM operation: Cleanup
Event: 1.390 Executing safepoint VM operation: Cleanup done
Event: 1.424 Executing non-safepoint VM operation: HandshakeAllThreads (Deoptimize)
Event: 1.424 Executing non-safepoint VM operation: HandshakeAllThreads (Deoptimize) done
Event: 2.163 Executing safepoint VM operation: ParallelGCFailedAllocation (Allocation Failure)
Event: 2.174 Executing safepoint VM operation: ParallelGCFailedAllocation (Allocation Failure) done

Memory protections (0 events):
No events

Nmethod flushes (0 events):
No events

Events (20 events):
Event: 0.109 Thread 0x0000018e2fc22ff0 Thread added: 0x0000018e48939fd0
Event: 0.110 Thread 0x0000018e2fc22ff0 Thread added: 0x0000018e4893d030
Event: 0.111 Thread 0x0000018e2fc22ff0 Thread added: 0x0000018e48943670
Event: 0.111 Thread 0x0000018e2fc22ff0 Thread added: 0x0000018e48944560
Event: 0.111 Thread 0x0000018e2fc22ff0 Thread added: 0x0000018e48946520
Event: 0.111 Thread 0x0000018e2fc22ff0 Thread added: 0x0000018e489470b0
Event: 0.111 Thread 0x0000018e2fc22ff0 Thread added: 0x0000018e4894e480
Event: 0.118 Thread 0x0000018e2fc22ff0 Thread added: 0x0000018e8b27fa70
Event: 0.561 Thread 0x0000018e2fc22ff0 Thread added: 0x0000018e8b3e6df0
Event: 0.749 Thread 0x0000018e4894e480 Thread added: 0x0000018e8b475210
Event: 0.878 Thread 0x0000018e8b475210 Thread exited: 0x0000018e8b475210
Event: 1.043 Thread 0x0000018e2fc22ff0 Thread added: 0x0000018e8b595500
Event: 1.265 Thread 0x0000018e8b27fa70 Thread added: 0x0000018e8b63c440
Event: 1.392 Thread 0x0000018e8b27fa70 Thread added: 0x0000018e8bb39b70
Event: 1.626 Thread 0x0000018e8bb39b70 Thread exited: 0x0000018e8bb39b70
Event: 1.702 Thread 0x0000018e8b63c440 Thread exited: 0x0000018e8b63c440
Event: 1.840 Thread 0x0000018e8b27fa70 Thread added: 0x0000018e8ba984c0
Event: 2.422 Thread 0x0000018e8ba984c0 Thread exited: 0x0000018e8ba984c0
Event: 2.651 Thread 0x0000018e8b27fa70 Thread added: 0x0000018e8bc27300
Event: 2.651 Thread 0x0000018e8b27fa70 Thread added: 0x0000018e8bc27dc0


Dynamic libraries:
0x00007ff61f2f0000 - 0x00007ff61f2fe000 	c:\Users\AIoT Project 1\.vscode\extensions\redhat.java-1.53.0-win32-x64\jre\21.0.10-win32-x86_64\bin\java.exe
0x00007ffe75ea0000 - 0x00007ffe76107000 	C:\WINDOWS\SYSTEM32\ntdll.dll
0x00007ffe74080000 - 0x00007ffe74149000 	C:\WINDOWS\System32\KERNEL32.DLL
0x00007ffe72d50000 - 0x00007ffe73144000 	C:\WINDOWS\System32\KERNELBASE.dll
0x00007ffe6c510000 - 0x00007ffe6c5af000 	C:\WINDOWS\SYSTEM32\apphelp.dll
0x00007ffe72770000 - 0x00007ffe728bb000 	C:\WINDOWS\System32\ucrtbase.dll
0x00007ffde69e0000 - 0x00007ffde69f8000 	c:\Users\AIoT Project 1\.vscode\extensions\redhat.java-1.53.0-win32-x64\jre\21.0.10-win32-x86_64\bin\jli.dll
0x00007ffe74560000 - 0x00007ffe74725000 	C:\WINDOWS\System32\USER32.dll
0x00007ffe72b00000 - 0x00007ffe72b27000 	C:\WINDOWS\System32\win32u.dll
0x00007ffdea1a0000 - 0x00007ffdea1be000 	c:\Users\AIoT Project 1\.vscode\extensions\redhat.java-1.53.0-win32-x64\jre\21.0.10-win32-x86_64\bin\VCRUNTIME140.dll
0x00007ffe74c80000 - 0x00007ffe74cab000 	C:\WINDOWS\System32\GDI32.dll
0x00007ffe73200000 - 0x00007ffe7332a000 	C:\WINDOWS\System32\gdi32full.dll
0x00007ffe73150000 - 0x00007ffe731f3000 	C:\WINDOWS\System32\msvcp_win.dll
0x00007ffe55e20000 - 0x00007ffe560b3000 	C:\WINDOWS\WinSxS\amd64_microsoft.windows.common-controls_6595b64144ccf1df_6.0.26100.8115_none_3e075c82e3354f9c\COMCTL32.dll
0x00007ffe73fd0000 - 0x00007ffe74079000 	C:\WINDOWS\System32\msvcrt.dll
0x00007ffe74730000 - 0x00007ffe74762000 	C:\WINDOWS\System32\IMM32.DLL
0x00007ffe459e0000 - 0x00007ffe459ec000 	c:\Users\AIoT Project 1\.vscode\extensions\redhat.java-1.53.0-win32-x64\jre\21.0.10-win32-x86_64\bin\vcruntime140_1.dll
0x00007ffdd1c20000 - 0x00007ffdd1cad000 	c:\Users\AIoT Project 1\.vscode\extensions\redhat.java-1.53.0-win32-x64\jre\21.0.10-win32-x86_64\bin\msvcp140.dll
0x00007ffdbfd70000 - 0x00007ffdc0b11000 	c:\Users\AIoT Project 1\.vscode\extensions\redhat.java-1.53.0-win32-x64\jre\21.0.10-win32-x86_64\bin\server\jvm.dll
0x00007ffe74770000 - 0x00007ffe74826000 	C:\WINDOWS\System32\ADVAPI32.dll
0x00007ffe744b0000 - 0x00007ffe74557000 	C:\WINDOWS\System32\sechost.dll
0x00007ffe758b0000 - 0x00007ffe759c8000 	C:\WINDOWS\System32\RPCRT4.dll
0x00007ffe741e0000 - 0x00007ffe74260000 	C:\WINDOWS\System32\WS2_32.dll
0x00007ffe725d0000 - 0x00007ffe7262e000 	C:\WINDOWS\SYSTEM32\POWRPROF.dll
0x00007ffe60460000 - 0x00007ffe60496000 	C:\WINDOWS\SYSTEM32\WINMM.dll
0x00007ffe63940000 - 0x00007ffe6394b000 	C:\WINDOWS\SYSTEM32\VERSION.dll
0x00007ffe725b0000 - 0x00007ffe725c4000 	C:\WINDOWS\SYSTEM32\UMPDC.dll
0x00007ffe71500000 - 0x00007ffe7151b000 	C:\WINDOWS\SYSTEM32\kernel.appcore.dll
0x00007ffe451c0000 - 0x00007ffe451ca000 	c:\Users\AIoT Project 1\.vscode\extensions\redhat.java-1.53.0-win32-x64\jre\21.0.10-win32-x86_64\bin\jimage.dll
0x00007ffe705f0000 - 0x00007ffe70832000 	C:\WINDOWS\SYSTEM32\DBGHELP.DLL
0x00007ffe73c40000 - 0x00007ffe73fc2000 	C:\WINDOWS\System32\combase.dll
0x00007ffe74b80000 - 0x00007ffe74c57000 	C:\WINDOWS\System32\OLEAUT32.dll
0x00007ffe50f70000 - 0x00007ffe50fab000 	C:\WINDOWS\SYSTEM32\dbgcore.DLL
0x00007ffe72ca0000 - 0x00007ffe72d45000 	C:\WINDOWS\System32\bcryptPrimitives.dll
0x00007ffe447b0000 - 0x00007ffe447bf000 	c:\Users\AIoT Project 1\.vscode\extensions\redhat.java-1.53.0-win32-x64\jre\21.0.10-win32-x86_64\bin\instrument.dll
0x00007ffde5490000 - 0x00007ffde54b0000 	c:\Users\AIoT Project 1\.vscode\extensions\redhat.java-1.53.0-win32-x64\jre\21.0.10-win32-x86_64\bin\java.dll
0x00007ffe74ee0000 - 0x00007ffe75646000 	C:\WINDOWS\System32\SHELL32.dll
0x00007ffe72b30000 - 0x00007ffe72c9a000 	C:\WINDOWS\System32\wintypes.dll
0x00007ffe73330000 - 0x00007ffe73b95000 	C:\WINDOWS\System32\windows.storage.dll
0x00007ffe757b0000 - 0x00007ffe758a7000 	C:\WINDOWS\System32\SHCORE.dll
0x00007ffe74440000 - 0x00007ffe744a6000 	C:\WINDOWS\System32\shlwapi.dll
0x00007ffe72690000 - 0x00007ffe726b9000 	C:\WINDOWS\SYSTEM32\profapi.dll
0x00007ffdd2dc0000 - 0x00007ffdd2dd8000 	c:\Users\AIoT Project 1\.vscode\extensions\redhat.java-1.53.0-win32-x64\jre\21.0.10-win32-x86_64\bin\zip.dll
0x00007ffe43850000 - 0x00007ffe43860000 	C:\Users\AIoT Project 1\.vscode\extensions\redhat.java-1.53.0-win32-x64\jre\21.0.10-win32-x86_64\bin\net.dll
0x00007ffe64960000 - 0x00007ffe64a8d000 	C:\WINDOWS\SYSTEM32\WINHTTP.dll
0x00007ffe71a70000 - 0x00007ffe71adc000 	C:\WINDOWS\system32\mswsock.dll
0x00007ffdd27f0000 - 0x00007ffdd2806000 	C:\Users\AIoT Project 1\.vscode\extensions\redhat.java-1.53.0-win32-x64\jre\21.0.10-win32-x86_64\bin\nio.dll
0x00007ffe41e20000 - 0x00007ffe41e30000 	c:\Users\AIoT Project 1\.vscode\extensions\redhat.java-1.53.0-win32-x64\jre\21.0.10-win32-x86_64\bin\verify.dll

JVMTI agents:
c:\Users\AIoT Project 1\.vscode\extensions\redhat.java-1.53.0-win32-x64\lombok\lombok-1.18.39-4050.jar path:c:\Users\AIoT Project 1\.vscode\extensions\redhat.java-1.53.0-win32-x64\jre\21.0.10-win32-x86_64\bin\instrument.dll, loaded, initialized, instrumentlib options:none

dbghelp: loaded successfully - version: 4.0.5 - missing functions: none
symbol engine: initialized successfully - sym options: 0x614 - pdb path: .;c:\Users\AIoT Project 1\.vscode\extensions\redhat.java-1.53.0-win32-x64\jre\21.0.10-win32-x86_64\bin;C:\WINDOWS\SYSTEM32;C:\WINDOWS\WinSxS\amd64_microsoft.windows.common-controls_6595b64144ccf1df_6.0.26100.8115_none_3e075c82e3354f9c;c:\Users\AIoT Project 1\.vscode\extensions\redhat.java-1.53.0-win32-x64\jre\21.0.10-win32-x86_64\bin\server

VM Arguments:
jvm_args: --add-modules=ALL-SYSTEM --add-opens=java.base/java.util=ALL-UNNAMED --add-opens=java.base/java.lang=ALL-UNNAMED --add-opens=java.base/sun.nio.fs=ALL-UNNAMED -Declipse.application=org.eclipse.jdt.ls.core.id1 -Dosgi.bundles.defaultStartLevel=4 -Declipse.product=org.eclipse.jdt.ls.core.product -Djava.import.generatesMetadataFilesAtProjectRoot=false -DDetectVMInstallationsJob.disabled=true -Dfile.encoding=utf8 -XX:+UseParallelGC -XX:GCTimeRatio=4 -XX:AdaptiveSizePolicyWeight=90 -Dsun.zip.disableMemoryMapping=true -Xmx2G -Xms100m -Xlog:disable -javaagent:c:\Users\AIoT Project 1\.vscode\extensions\redhat.java-1.53.0-win32-x64\lombok\lombok-1.18.39-4050.jar -XX:+HeapDumpOnOutOfMemoryError -XX:HeapDumpPath=c:\Users\AIoT Project 1\AppData\Roaming\Code\User\workspaceStorage\d278812864858fe75348f30ddb676b0c\redhat.java -Daether.dependencyCollector.impl=bf 
java_command: c:\Users\AIoT Project 1\.vscode\extensions\redhat.java-1.53.0-win32-x64\server\plugins\org.eclipse.equinox.launcher_1.7.100.v20251111-0406.jar -configuration c:\Users\AIoT Project 1\AppData\Roaming\Code\User\globalStorage\redhat.java\1.53.0\config_win -data c:\Users\AIoT Project 1\AppData\Roaming\Code\User\workspaceStorage\d278812864858fe75348f30ddb676b0c\redhat.java\jdt_ws --pipe=\\.\pipe\lsp-c832786416517e598d55bdfb87b37189-sock
java_class_path (initial): c:\Users\AIoT Project 1\.vscode\extensions\redhat.java-1.53.0-win32-x64\server\plugins\org.eclipse.equinox.launcher_1.7.100.v20251111-0406.jar
Launcher Type: SUN_STANDARD

[Global flags]
    uintx AdaptiveSizePolicyWeight                 = 90                                        {product} {command line}
     intx CICompilerCount                          = 4                                         {product} {ergonomic}
    uintx GCTimeRatio                              = 4                                         {product} {command line}
     bool HeapDumpOnOutOfMemoryError               = true                                   {manageable} {command line}
    ccstr HeapDumpPath                             = c:\Users\AIoT Project 1\AppData\Roaming\Code\User\workspaceStorage\d278812864858fe75348f30ddb676b0c\redhat.java         {manageable} {command line}
   size_t InitialHeapSize                          = 104857600                                 {product} {command line}
   size_t MaxHeapSize                              = 2147483648                                {product} {command line}
   size_t MaxNewSize                               = 715653120                                 {product} {ergonomic}
   size_t MinHeapDeltaBytes                        = 524288                                    {product} {ergonomic}
   size_t MinHeapSize                              = 104857600                                 {product} {command line}
   size_t NewSize                                  = 34603008                                  {product} {ergonomic}
    uintx NonNMethodCodeHeapSize                   = 5839372                                {pd product} {ergonomic}
    uintx NonProfiledCodeHeapSize                  = 122909434                              {pd product} {ergonomic}
   size_t OldSize                                  = 70254592                                  {product} {ergonomic}
    uintx ProfiledCodeHeapSize                     = 122909434                              {pd product} {ergonomic}
    uintx ReservedCodeCacheSize                    = 251658240                              {pd product} {ergonomic}
     bool SegmentedCodeCache                       = true                                      {product} {ergonomic}
   size_t SoftMaxHeapSize                          = 2147483648                             {manageable} {ergonomic}
     bool UseCompressedOops                        = true                           {product lp64_product} {ergonomic}
     bool UseLargePagesIndividualAllocation        = false                                  {pd product} {ergonomic}
     bool UseParallelGC                            = true                                      {product} {command line}

Logging:
Log output configuration:
 #0: stdout all=off uptime,level,tags foldmultilines=false
 #1: stderr all=off uptime,level,tags foldmultilines=false

Release file:
JAVA_VERSION="21.0.10" 
MODULES="java.base java.compiler java.datatransfer java.xml java.prefs java.desktop java.instrument java.logging java.management java.security.sasl java.naming java.rmi java.management.rmi java.net.http java.scripting java.security.jgss java.transaction.xa java.sql java.sql.rowset java.xml.crypto java.se java.smartcardio jdk.accessibility jdk.internal.jvmstat jdk.attach jdk.charsets jdk.internal.opt jdk.zipfs jdk.compiler jdk.crypto.ec jdk.crypto.cryptoki jdk.crypto.mscapi jdk.dynalink jdk.internal.ed jdk.editpad jdk.hotspot.agent jdk.httpserver jdk.internal.le jdk.internal.vm.ci jdk.internal.vm.compiler jdk.internal.vm.compiler.management jdk.jartool jdk.javadoc jdk.jcmd jdk.management jdk.management.agent jdk.jconsole jdk.jdeps jdk.jdwp.agent jdk.jdi jdk.jfr jdk.jshell jdk.jsobject jdk.jstatd jdk.localedata jdk.management.jfr jdk.naming.dns jdk.naming.rmi jdk.net jdk.nio.mapmode jdk.random jdk.sctp jdk.security.auth jdk.security.jgss jdk.unsupported jdk.unsupported.desktop jdk.xml.dom" 

Environment Variables:
JAVA_HOME="C:\Program Files\Android\Android Studio\jbr"
PATH=C:\Users\AIoT Project 1\AppData\Local\Programs\Microsoft VS Code;C:\Program Files\Common Files\Oracle\Java\javapath;C:\WINDOWS\system32;C:\WINDOWS;C:\WINDOWS\System32\Wbem;C:\WINDOWS\System32\WindowsPowerShell\v1.0\;C:\WINDOWS\System32\OpenSSH\;c:\Users\AIoT Project 1\AppData\Local\Programs\cursor\resources\app\bin;C:\ProgramData\chocolatey\bin;C:\Program Files\nodejs\;C:\WINDOWS\system32;C:\WINDOWS;C:\WINDOWS\System32\Wbem;C:\WINDOWS\System32\WindowsPowerShell\v1.0\;C:\WINDOWS\System32\OpenSSH\;C:\Program Files\php-8.4.1;C:\ProgramData\ComposerSetup\bin;C:\laragon\bin\php;C:\Program Files\Git\cmd;C:\Program Files\Android\platform-tools\adb.exe;C:\adb\platform-tools;C:\Users\AIoT Project 1\AppData\Local\Programs\Eclipse Adoptium\jdk-17.0.18.8-hotspot\bin;C:\Users\AIoT Project 1\AppData\Local\Programs\Python\Python311-32\Scripts\;C:\Users\AIoT Project 1\AppData\Local\Programs\Python\Python311-32\;C:\Users\AIoT Project 1\AppData\Local\Microsoft\WindowsApps;C:\Program Files\JetBrains\IntelliJ IDEA 2024.3.5\bin;;C:\Program Files\JetBrains\IntelliJ IDEA Community Edition 2024.3.5\bin;;C:\Program Files\JetBrains\PyCharm 2025.1.1.1\bin;;C:\Users\AIoT Project 1\AppData\Local\GitHubDesktop\bin;C:\Users\AIoT Project 1\AppData\Roaming\npm;C:\Users\AIoT Project 1\AppData\Local\Programs\Microsoft VS Code\bin;C:\Users\AIoT Project 1\AppData\Roaming\Composer\vendor\bin;C:\laragon\bin\php;C:\Program Files\Android;C:\adb\platform-tools;C:\Users\AIoT Project 1\AppData\Local\Android\Sdk\platform-tools;
USERNAME=AIoT Project 1
OS=Windows_NT
PROCESSOR_IDENTIFIER=Intel64 Family 6 Model 126 Stepping 5, GenuineIntel
TMP=C:\Users\AIOTPR~1\AppData\Local\Temp
TEMP=C:\Users\AIOTPR~1\AppData\Local\Temp




Periodic native trim disabled

---------------  S Y S T E M  ---------------

OS:
 Windows 11 , 64 bit Build 26100 (10.0.26100.8115)
OS uptime: 0 days 0:19 hours

CPU: total 8 (initial active 8) (4 cores per cpu, 2 threads per core) family 6 model 126 stepping 5 microcode 0xb8, cx8, cmov, fxsr, ht, mmx, 3dnowpref, sse, sse2, sse3, ssse3, sse4.1, sse4.2, popcnt, lzcnt, tsc, tscinvbit, avx, avx2, aes, erms, clmul, bmi1, bmi2, adx, avx512f, avx512dq, avx512cd, avx512bw, avx512vl, sha, fma, vzeroupper, avx512_vpopcntdq, avx512_vpclmulqdq, avx512_vaes, avx512_vnni, clflush, clflushopt, avx512_vbmi2, avx512_vbmi, rdtscp, rdpid, fsrm, gfni, avx512_bitalg, f16c, pku, avx512_ifma
Processor Information for the first 8 processors :
  Max Mhz: 1190, Current Mhz: 694, Mhz Limit: 690

Memory: 4k page, system-wide physical 7955M (786M free)
TotalPageFile size 13502M (AvailPageFile size 3M)
current process WorkingSet (physical memory assigned to process): 89M, peak: 89M
current process commit charge ("private bytes"): 238M, peak: 240M

vm_info: OpenJDK 64-Bit Server VM (21.0.10+7-LTS) for windows-amd64 JRE (21.0.10+7-LTS), built on 2026-01-20T00:00:00Z by "admin" with MS VC++ 17.12 (VS2022)

END.
